#
# There is insufficient memory for the Java Runtime Environment to continue.
# Native memory allocation (malloc) failed to allocate 1362416 bytes. Error detail: Chunk::new
# Possible reasons:
#   The system is out of physical RAM or swap space
#   This process is running with CompressedOops enabled, and the Java Heap may be blocking the growth of the native heap
# Possible solutions:
#   Reduce memory load on the system
#   Increase physical memory or swap space
#   Check if swap backing store is full
#   Decrease Java heap size (-Xmx/-Xms)
#   Decrease number of Java threads
#   Decrease Java thread stack sizes (-Xss)
#   Set larger code cache with -XX:ReservedCodeCacheSize=
#   JVM is running with Zero Based Compressed Oops mode in which the Java heap is
#     placed in the first 32GB address space. The Java Heap base address is the
#     maximum limit for the native heap growth. Please use -XX:HeapBaseMinAddress
#     to set the Java Heap base and to place the Java Heap above 32GB virtual address.
# This output file may be truncated or incomplete.
#
#  Out of Memory Error (arena.cpp:162), pid=19240, tid=16240
#
# JRE version: OpenJDK Runtime Environment Zulu24.32+13-CA (24.0.2+12) (build 24.0.2+12)
# Java VM: OpenJDK 64-Bit Server VM Zulu24.32+13-CA (24.0.2+12, mixed mode, sharing, tiered, compressed oops, compressed class ptrs, g1 gc, windows-amd64)
# No core dump will be written. Minidumps are not enabled by default on client versions of Windows
#

---------------  S U M M A R Y ------------

Command Line: --enable-native-access=ALL-UNNAMED -Dclassworlds.conf=C:\Program Files\Apache NetBeans\java\maven\bin\m2.conf -Dmaven.home=C:\Program Files\Apache NetBeans\java\maven -Dlibrary.jansi.path=C:\Program Files\Apache NetBeans\java\maven\lib\jansi-native -Dmaven.multiModuleProjectDirectory=C:\Users\Dell\OneDrive\Documents\NetBeansProjects\hcj_car_rentsystem org.codehaus.plexus.classworlds.launcher.Launcher -Dexec.vmArgs= -Dexec.appArgs= -Dmaven.ext.class.path=C:\Program Files\Apache NetBeans\java\maven-nblib\netbeans-eventspy.jar --no-transfer-progress clean javafx:run

Host: 11th Gen Intel(R) Core(TM) i3-1115G4 @ 3.00GHz, 4 cores, 19G,  Windows 11 , 64 bit Build 26100 (10.0.26100.7309)
Time: Wed Dec 17 17:43:40 2025 Sri Lanka Standard Time elapsed time: 6.992858 seconds (0d 0h 0m 6s)

---------------  T H R E A D  ---------------

Current thread (0x000001e9234f1560):  JavaThread "C2 CompilerThread0" daemon [_thread_in_native, id=16240, stack(0x0000007858900000,0x0000007858a00000) (1024K)]


Current CompileTask:
C2:6992 7793       4       org.apache.maven.model.inheritance.DefaultInheritanceAssembler$InheritanceModelMerger::mergePluginContainer_Plugins (433 bytes)

Stack: [0x0000007858900000,0x0000007858a00000]
Native frames: (J=compiled Java code, j=interpreted, Vv=VM code, C=native code)
V  [jvm.dll+0x741329]  (no source info available)
V  [jvm.dll+0x97e243]  (no source info available)
V  [jvm.dll+0x98056d]  (no source info available)
V  [jvm.dll+0x980be3]  (no source info available)
V  [jvm.dll+0x2b5a76]  (no source info available)
V  [jvm.dll+0xd00af]  (no source info available)
V  [jvm.dll+0xd030f]  (no source info available)
V  [jvm.dll+0x4012a2]  (no source info available)
V  [jvm.dll+0x3cd010]  (no source info available)
V  [jvm.dll+0x3cc49a]  (no source info available)
V  [jvm.dll+0x27a2ef]  (no source info available)
V  [jvm.dll+0x279591]  (no source info available)
V  [jvm.dll+0x1f30fa]  (no source info available)
V  [jvm.dll+0x288d95]  (no source info available)
V  [jvm.dll+0x28702a]  (no source info available)
V  [jvm.dll+0x43e016]  (no source info available)
V  [jvm.dll+0x920c78]  (no source info available)
V  [jvm.dll+0x73fab5]  (no source info available)
C  [ucrtbase.dll+0x37b0]  (no source info available)
C  [KERNEL32.DLL+0x2e8d7]  (no source info available)
C  [ntdll.dll+0x8c53c]  (no source info available)

Lock stack of current Java thread (top to bottom):


---------------  P R O C E S S  ---------------

Threads class SMR info:
_java_thread_list=0x000001e923650280, length=14, elements={
0x000001e900e75860, 0x000001e9234e5880, 0x000001e9234e63b0, 0x000001e9234e9af0,
0x000001e9234ea8a0, 0x000001e9234ebf40, 0x000001e9234edd80, 0x000001e9234f1560,
0x000001e9234f2e10, 0x000001e9236c7060, 0x000001e9236d3d60, 0x000001e9236d2ec0,
0x000001e969504fe0, 0x000001e969505e80
}

Java Threads: ( => current thread )
  0x000001e900e75860 JavaThread "main"                              [_thread_in_native, id=12292, stack(0x0000007857b00000,0x0000007857c00000) (1024K)]
  0x000001e9234e5880 JavaThread "Reference Handler"          daemon [_thread_blocked, id=9064, stack(0x0000007858300000,0x0000007858400000) (1024K)]
  0x000001e9234e63b0 JavaThread "Finalizer"                  daemon [_thread_blocked, id=6912, stack(0x0000007858400000,0x0000007858500000) (1024K)]
  0x000001e9234e9af0 JavaThread "Signal Dispatcher"          daemon [_thread_blocked, id=7224, stack(0x0000007858500000,0x0000007858600000) (1024K)]
  0x000001e9234ea8a0 JavaThread "Attach Listener"            daemon [_thread_blocked, id=20436, stack(0x0000007858600000,0x0000007858700000) (1024K)]
  0x000001e9234ebf40 JavaThread "Service Thread"             daemon [_thread_blocked, id=14216, stack(0x0000007858700000,0x0000007858800000) (1024K)]
  0x000001e9234edd80 JavaThread "Monitor Deflation Thread"   daemon [_thread_blocked, id=18356, stack(0x0000007858800000,0x0000007858900000) (1024K)]
=>0x000001e9234f1560 JavaThread "C2 CompilerThread0"         daemon [_thread_in_native, id=16240, stack(0x0000007858900000,0x0000007858a00000) (1024K)]
  0x000001e9234f2e10 JavaThread "C1 CompilerThread0"         daemon [_thread_blocked, id=30900, stack(0x0000007858a00000,0x0000007858b00000) (1024K)]
  0x000001e9236c7060 JavaThread "Notification Thread"        daemon [_thread_blocked, id=11212, stack(0x0000007858b00000,0x0000007858c00000) (1024K)]
  0x000001e9236d3d60 JavaThread "Common-Cleaner"             daemon [_thread_blocked, id=20796, stack(0x0000007858c00000,0x0000007858d00000) (1024K)]
  0x000001e9236d2ec0 JavaThread "Exec Stream Pumper"         daemon [_thread_in_native, id=13232, stack(0x0000007859100000,0x0000007859200000) (1024K)]
  0x000001e969504fe0 JavaThread "Exec Stream Pumper"         daemon [_thread_in_native, id=14552, stack(0x0000007859200000,0x0000007859300000) (1024K)]
  0x000001e969505e80 JavaThread "Exec Input Stream Pumper"   daemon [_thread_blocked, id=23656, stack(0x0000007859300000,0x0000007859400000) (1024K)]
Total: 14

Other Threads:
  0x000001e9234d1560 VMThread "VM Thread"                           [id=30000, stack(0x0000007858200000,0x0000007858300000) (1024K)]
  0x000001e92339c160 WatcherThread "VM Periodic Task Thread"        [id=31392, stack(0x0000007858100000,0x0000007858200000) (1024K)]
  0x000001e9033f1af0 WorkerThread "GC Thread#0"                     [id=9072, stack(0x0000007857c00000,0x0000007857d00000) (1024K)]
  0x000001e96990ae40 WorkerThread "GC Thread#1"                     [id=24544, stack(0x0000007858e00000,0x0000007858f00000) (1024K)]
  0x000001e969734470 WorkerThread "GC Thread#2"                     [id=18728, stack(0x0000007858f00000,0x0000007859000000) (1024K)]
  0x000001e969734820 WorkerThread "GC Thread#3"                     [id=31252, stack(0x0000007859000000,0x0000007859100000) (1024K)]
  0x000001e9033ff1d0 ConcurrentGCThread "G1 Main Marker"            [id=29300, stack(0x0000007857d00000,0x0000007857e00000) (1024K)]
  0x000001e9034027a0 WorkerThread "G1 Conc#0"                       [id=27972, stack(0x0000007857e00000,0x0000007857f00000) (1024K)]
  0x000001e90343eb10 ConcurrentGCThread "G1 Refine#0"               [id=14000, stack(0x0000007857f00000,0x0000007858000000) (1024K)]
  0x000001e9233935d0 ConcurrentGCThread "G1 Service"                [id=17996, stack(0x0000007858000000,0x0000007858100000) (1024K)]
Total: 10

Threads with active compile tasks:
C2 CompilerThread0  7032 7793       4       org.apache.maven.model.inheritance.DefaultInheritanceAssembler$InheritanceModelMerger::mergePluginContainer_Plugins (433 bytes)
Total: 1

VM state: not at safepoint (normal execution)

VM Mutex/Monitor currently owned by a thread: None

Heap address: 0x00000006c4000000, size: 5056 MB, Compressed Oops mode: Zero based, Oop shift amount: 3

CDS archive(s) mapped at: [0x000001e924000000-0x000001e924d40000-0x000001e924d40000), size 13893632, SharedBaseAddress: 0x000001e924000000, ArchiveRelocationMode: 1.
Compressed class space mapped at: 0x000001e925000000-0x000001e965000000, reserved size: 1073741824
UseCompressedClassPointers 1, UseCompactObjectHeaders 0
Narrow klass pointer bits 32, Max shift 3
Narrow klass base: 0x000001e924000000, Narrow klass shift: 0
Encoding Range: [0x000001e924000000 - 0x000001ea24000000), (4294967296 bytes)
Klass Range:    [0x000001e924000000 - 0x000001e965000000), (1090519040 bytes)
Klass ID Range:  [8 - 1090519033) (1090519025)

GC Precious Log:
 CardTable entry size: 512
 Card Set container configuration: InlinePtr #cards 4 size 8 Array Of Cards #cards 32 size 80 Howl #buckets 8 coarsen threshold 7372 Howl Bitmap #cards 1024 size 144 coarsen threshold 921 Card regions per heap region 1 cards per card region 8192
 CPUs: 4 total, 4 available
 Memory: 20214M
 Large Page Support: Disabled
 NUMA Support: Disabled
 Compressed Oops: Enabled (Zero based)
 Heap Region Size: 4M
 Heap Min Capacity: 8M
 Heap Initial Capacity: 316M
 Heap Max Capacity: 5056M
 Pre-touch: Disabled
 Parallel Workers: 4
 Concurrent Workers: 1
 Concurrent Refinement Workers: 4
 Periodic GC: Disabled

Heap:
 garbage-first heap   total reserved 5177344K, committed 118784K, used 61448K [0x00000006c4000000, 0x0000000800000000)
  region size 4096K, 12 young (49152K), 1 survivors (4096K)
 Metaspace       used 30510K, committed 30976K, reserved 1114112K
  class space    used 2981K, committed 3200K, reserved 1048576K

Heap Regions: E=young(eden), S=young(survivor), O=old, HS=humongous(starts), HC=humongous(continues), CS=collection set, F=free, TAMS=top-at-mark-start, PB=parsable bottom
|   0|0x00000006c4000000, 0x00000006c41e3db0, 0x00000006c4400000| 47%| O|  |TAMS 0x00000006c4000000| PB 0x00000006c4000000| Untracked |  0
|   1|0x00000006c4400000, 0x00000006c4400000, 0x00000006c4800000|  0%| F|  |TAMS 0x00000006c4400000| PB 0x00000006c4400000| Untracked |  0
|   2|0x00000006c4800000, 0x00000006c4800000, 0x00000006c4c00000|  0%| F|  |TAMS 0x00000006c4800000| PB 0x00000006c4800000| Untracked |  0
|   3|0x00000006c4c00000, 0x00000006c4c00000, 0x00000006c5000000|  0%| F|  |TAMS 0x00000006c4c00000| PB 0x00000006c4c00000| Untracked |  0
|   4|0x00000006c5000000, 0x00000006c5000000, 0x00000006c5400000|  0%| F|  |TAMS 0x00000006c5000000| PB 0x00000006c5000000| Untracked |  0
|   5|0x00000006c5400000, 0x00000006c5400000, 0x00000006c5800000|  0%| F|  |TAMS 0x00000006c5400000| PB 0x00000006c5400000| Untracked |  0
|   6|0x00000006c5800000, 0x00000006c5800000, 0x00000006c5c00000|  0%| F|  |TAMS 0x00000006c5800000| PB 0x00000006c5800000| Untracked |  0
|   7|0x00000006c5c00000, 0x00000006c5c00000, 0x00000006c6000000|  0%| F|  |TAMS 0x00000006c5c00000| PB 0x00000006c5c00000| Untracked |  0
|   8|0x00000006c6000000, 0x00000006c6000000, 0x00000006c6400000|  0%| F|  |TAMS 0x00000006c6000000| PB 0x00000006c6000000| Untracked |  0
|   9|0x00000006c6400000, 0x00000006c6400000, 0x00000006c6800000|  0%| F|  |TAMS 0x00000006c6400000| PB 0x00000006c6400000| Untracked |  0
|  10|0x00000006c6800000, 0x00000006c6800000, 0x00000006c6c00000|  0%| F|  |TAMS 0x00000006c6800000| PB 0x00000006c6800000| Untracked |  0
|  11|0x00000006c6c00000, 0x00000006c6c00000, 0x00000006c7000000|  0%| F|  |TAMS 0x00000006c6c00000| PB 0x00000006c6c00000| Untracked |  0
|  12|0x00000006c7000000, 0x00000006c71712c0, 0x00000006c7400000| 36%| E|  |TAMS 0x00000006c7000000| PB 0x00000006c7000000| Complete |  0
|  13|0x00000006c7400000, 0x00000006c7800000, 0x00000006c7800000|100%| E|CS|TAMS 0x00000006c7400000| PB 0x00000006c7400000| Complete |  0
|  14|0x00000006c7800000, 0x00000006c7c00000, 0x00000006c7c00000|100%| E|CS|TAMS 0x00000006c7800000| PB 0x00000006c7800000| Complete |  0
|  15|0x00000006c7c00000, 0x00000006c8000000, 0x00000006c8000000|100%| E|CS|TAMS 0x00000006c7c00000| PB 0x00000006c7c00000| Complete |  0
|  16|0x00000006c8000000, 0x00000006c8400000, 0x00000006c8400000|100%| E|CS|TAMS 0x00000006c8000000| PB 0x00000006c8000000| Complete |  0
|  17|0x00000006c8400000, 0x00000006c8800000, 0x00000006c8800000|100%| S|CS|TAMS 0x00000006c8400000| PB 0x00000006c8400000| Complete |  0
|  40|0x00000006ce000000, 0x00000006ce400000, 0x00000006ce400000|100%| E|CS|TAMS 0x00000006ce000000| PB 0x00000006ce000000| Complete |  0
|  41|0x00000006ce400000, 0x00000006ce800000, 0x00000006ce800000|100%| E|CS|TAMS 0x00000006ce400000| PB 0x00000006ce400000| Complete |  0
|  42|0x00000006ce800000, 0x00000006cec00000, 0x00000006cec00000|100%| E|CS|TAMS 0x00000006ce800000| PB 0x00000006ce800000| Complete |  0
|  43|0x00000006cec00000, 0x00000006cf000000, 0x00000006cf000000|100%| E|CS|TAMS 0x00000006cec00000| PB 0x00000006cec00000| Complete |  0
|  44|0x00000006cf000000, 0x00000006cf400000, 0x00000006cf400000|100%| E|CS|TAMS 0x00000006cf000000| PB 0x00000006cf000000| Complete |  0
|  78|0x00000006d7800000, 0x00000006d7c00000, 0x00000006d7c00000|100%| E|CS|TAMS 0x00000006d7800000| PB 0x00000006d7800000| Complete |  0
|1259|0x00000007fec00000, 0x00000007fed02000, 0x00000007ff000000| 25%| O|  |TAMS 0x00000007fec00000| PB 0x00000007fec00000| Untracked |  0
|1260|0x00000007ff000000, 0x00000007ff400000, 0x00000007ff400000|100%| O|  |TAMS 0x00000007ff000000| PB 0x00000007ff000000| Untracked |  0
|1261|0x00000007ff400000, 0x00000007ff800000, 0x00000007ff800000|100%| O|  |TAMS 0x00000007ff400000| PB 0x00000007ff400000| Untracked |  0
|1262|0x00000007ff800000, 0x00000007ffc00000, 0x00000007ffc00000|100%| O|  |TAMS 0x00000007ff800000| PB 0x00000007ff800000| Untracked |  0
|1263|0x00000007ffc00000, 0x00000007ffd1c318, 0x0000000800000000| 27%| O|Cm|TAMS 0x00000007ffc00000| PB 0x00000007ffc00000| Complete |  0

Card table byte_map: [0x000001e91b860000,0x000001e91c240000] _byte_map_base: 0x000001e918240000

Marking Bits: (CMBitMap*) 0x000001e9033f2110
 Bits: [0x000001e91c240000, 0x000001e921140000)

Polling page: 0x000001e901110000

Metaspace:

Usage:
  Non-class:     26.88 MB used.
      Class:      2.91 MB used.
       Both:     29.80 MB used.

Virtual space:
  Non-class space:       64.00 MB reserved,      27.12 MB ( 42%) committed,  1 nodes.
      Class space:        1.00 GB reserved,       3.12 MB ( <1%) committed,  1 nodes.
             Both:        1.06 GB reserved,      30.25 MB (  3%) committed. 

Chunk freelists:
   Non-Class:  4.15 MB
       Class:  12.72 MB
        Both:  16.87 MB

MaxMetaspaceSize: unlimited
CompressedClassSpaceSize: 1.00 GB
Initial GC threshold: 21.00 MB
Current GC threshold: 35.56 MB
CDS: on
 - commit_granule_bytes: 65536.
 - commit_granule_words: 8192.
 - virtual_space_node_default_size: 8388608.
 - enlarge_chunks_in_place: 1.
UseCompressedClassPointers 1, UseCompactObjectHeaders 0
Narrow klass pointer bits 32, Max shift 3
Narrow klass base: 0x000001e924000000, Narrow klass shift: 0
Encoding Range: [0x000001e924000000 - 0x000001ea24000000), (4294967296 bytes)
Klass Range:    [0x000001e924000000 - 0x000001e965000000), (1090519040 bytes)
Klass ID Range:  [8 - 1090519033) (1090519025)


Internal statistics:

num_allocs_failed_limit: 5.
num_arena_births: 300.
num_arena_deaths: 0.
num_vsnodes_births: 2.
num_vsnodes_deaths: 0.
num_space_committed: 484.
num_space_uncommitted: 0.
num_chunks_returned_to_freelist: 5.
num_chunks_taken_from_freelist: 1386.
num_chunk_merges: 5.
num_chunk_splits: 985.
num_chunks_enlarged: 799.
num_inconsistent_stats: 0.

CodeHeap 'non-profiled nmethods': size=120064Kb used=3315Kb max_used=3315Kb free=116748Kb
 bounds [0x000001e913940000, 0x000001e913c80000, 0x000001e91ae80000]
CodeHeap 'profiled nmethods': size=120000Kb used=15653Kb max_used=15653Kb free=104346Kb
 bounds [0x000001e90be80000, 0x000001e90cdd0000, 0x000001e9133b0000]
CodeHeap 'non-nmethods': size=5696Kb used=1515Kb max_used=1660Kb free=4180Kb
 bounds [0x000001e9133b0000, 0x000001e913620000, 0x000001e913940000]
CodeCache: size=245760Kb, used=20483Kb, max_used=20628Kb, free=225274Kb
 total_blobs=8554, nmethods=8001, adapters=457, full_count=0
Compilation: enabled, stopped_count=0, restarted_count=0

Compilation events (20 events):
Event: 6.120 Thread 0x000001e9234f2e10 nmethod 7997 0x000001e90cdc7108 code [0x000001e90cdc7240, 0x000001e90cdc7550]
Event: 6.120 Thread 0x000001e9234f2e10 7993       3       jdk.internal.module.ModuleInfo$ConstantPool$ValueEntry::<init> (11 bytes)
Event: 6.120 Thread 0x000001e9234f2e10 nmethod 7993 0x000001e90cdc7588 code [0x000001e90cdc76a0, 0x000001e90cdc78d0]
Event: 6.122 Thread 0x000001e96995d7c0 nmethod 7981 0x000001e913c77888 code [0x000001e913c779a0, 0x000001e913c77c28]
Event: 6.122 Thread 0x000001e96995d7c0 7995   !   4       java.util.zip.InflaterInputStream::read (129 bytes)
Event: 6.126 Thread 0x000001e9234f2e10 7998       3       java.lang.ProcessEnvironment$CheckedEntry::getKey (5 bytes)
Event: 6.126 Thread 0x000001e9234f2e10 nmethod 7998 0x000001e90cdc7908 code [0x000001e90cdc7a40, 0x000001e90cdc7d48]
Event: 6.126 Thread 0x000001e9234f2e10 7999       3       java.lang.ProcessEnvironment$CheckedEntry::getKey (13 bytes)
Event: 6.126 Thread 0x000001e9234f2e10 nmethod 7999 0x000001e90cdc7d88 code [0x000001e90cdc7ea0, 0x000001e90cdc8150]
Event: 6.126 Thread 0x000001e9234f2e10 8000       3       java.lang.ProcessEnvironment$EntryComparator::compare (13 bytes)
Event: 6.127 Thread 0x000001e9234f2e10 nmethod 8000 0x000001e90cdc8188 code [0x000001e90cdc8300, 0x000001e90cdc8ad8]
Event: 6.150 Thread 0x000001e96995d7c0 nmethod 7995 0x000001e913c78588 code [0x000001e913c78880, 0x000001e913c7b140]
Event: 6.150 Thread 0x000001e96995d7c0 7910       4       java.util.Spliterators$ArraySpliterator::<init> (40 bytes)
Event: 6.151 Thread 0x000001e96995d7c0 nmethod 7910 0x000001e913c7b308 code [0x000001e913c7b400, 0x000001e913c7b598]
Event: 6.151 Thread 0x000001e96995d7c0 7907       4       java.util.stream.AbstractPipeline::evaluateToArrayNode (78 bytes)
Event: 6.175 Thread 0x000001e96995d7c0 nmethod 7907 0x000001e913c7b608 code [0x000001e913c7b860, 0x000001e913c7cab8]
Event: 6.175 Thread 0x000001e96995d7c0 7908       4       java.util.stream.Nodes::flatten (70 bytes)
Event: 6.176 Thread 0x000001e96995d7c0 nmethod 7908 0x000001e913c7cc08 code [0x000001e913c7cd00, 0x000001e913c7cdb0]
Event: 6.499 Thread 0x000001e9234f2e10 8004       3       jdk.internal.misc.Blocker::begin (38 bytes)
Event: 6.499 Thread 0x000001e9234f2e10 nmethod 8004 0x000001e90cdc8b08 code [0x000001e90cdc8c80, 0x000001e90cdc93e8]

GC Heap History (6 events):
Event: 0.717 GC heap before
{Heap before GC invocations=0 (full 0):
 garbage-first heap   total reserved 5177344K, committed 327680K, used 29808K [0x00000006c4000000, 0x0000000800000000)
  region size 4096K, 7 young (28672K), 0 survivors (0K)
 Metaspace       used 6144K, committed 6336K, reserved 1114112K
  class space    used 545K, committed 640K, reserved 1048576K
}
Event: 0.720 GC heap after
{Heap after GC invocations=1 (full 0):
 garbage-first heap   total reserved 5177344K, committed 327680K, used 4581K [0x00000006c4000000, 0x0000000800000000)
  region size 4096K, 1 young (4096K), 1 survivors (4096K)
 Metaspace       used 6144K, committed 6336K, reserved 1114112K
  class space    used 545K, committed 640K, reserved 1048576K
}
Event: 3.724 GC heap before
{Heap before GC invocations=1 (full 0):
 garbage-first heap   total reserved 5177344K, committed 327680K, used 131557K [0x00000006c4000000, 0x0000000800000000)
  region size 4096K, 34 young (139264K), 1 survivors (4096K)
 Metaspace       used 21151K, committed 21504K, reserved 1114112K
  class space    used 2059K, committed 2240K, reserved 1048576K
}
Event: 3.741 GC heap after
{Heap after GC invocations=2 (full 0):
 garbage-first heap   total reserved 5177344K, committed 327680K, used 23552K [0x00000006c4000000, 0x0000000800000000)
  region size 4096K, 5 young (20480K), 5 survivors (20480K)
 Metaspace       used 21151K, committed 21504K, reserved 1114112K
  class space    used 2059K, committed 2240K, reserved 1048576K
}
Event: 5.425 GC heap before
{Heap before GC invocations=3 (full 0):
 garbage-first heap   total reserved 5177344K, committed 98304K, used 93184K [0x00000006c4000000, 0x0000000800000000)
  region size 4096K, 22 young (90112K), 5 survivors (20480K)
 Metaspace       used 28973K, committed 29248K, reserved 1114112K
  class space    used 2813K, committed 2944K, reserved 1048576K
}
Event: 5.442 GC heap after
{Heap after GC invocations=4 (full 0):
 garbage-first heap   total reserved 5177344K, committed 118784K, used 20488K [0x00000006c4000000, 0x0000000800000000)
  region size 4096K, 1 young (4096K), 1 survivors (4096K)
 Metaspace       used 28973K, committed 29248K, reserved 1114112K
  class space    used 2813K, committed 2944K, reserved 1048576K
}

Dll operation events (8 events):
Event: 0.010 Loaded shared library C:\Program Files\Apache NetBeans\jdk\bin\java.dll
Event: 0.034 Loaded shared library C:\Program Files\Apache NetBeans\jdk\bin\jsvml.dll
Event: 0.042 Loaded shared library C:\Program Files\Apache NetBeans\jdk\bin\net.dll
Event: 0.043 Loaded shared library C:\Program Files\Apache NetBeans\jdk\bin\nio.dll
Event: 0.046 Loaded shared library C:\Program Files\Apache NetBeans\jdk\bin\zip.dll
Event: 0.149 Loaded shared library C:\Program Files\Apache NetBeans\jdk\bin\jimage.dll
Event: 0.152 Loaded shared library C:\Program Files\Apache NetBeans\java\maven\lib\jansi-native\Windows\x86_64\jansi.dll
Event: 0.176 Loaded shared library C:\Program Files\Apache NetBeans\jdk\bin\verify.dll

Deoptimization events (20 events):
Event: 6.108 Thread 0x000001e900e75860 Uncommon trap: trap_request=0xffffffc6 fr.pc=0x000001e913aabefc relative=0x000000000000057c
Event: 6.108 Thread 0x000001e900e75860 Uncommon trap: reason=bimorphic_or_optimized_type_check action=maybe_recompile pc=0x000001e913aabefc method=java.util.regex.Pattern$BmpCharPropertyGreedy.match(Ljava/util/regex/Matcher;ILjava/lang/CharSequence;)Z @ 26 c2
Event: 6.108 Thread 0x000001e900e75860 DEOPT PACKING pc=0x000001e913aabefc sp=0x0000007857bfdcb0
Event: 6.108 Thread 0x000001e900e75860 DEOPT UNPACKING pc=0x000001e9134d6d02 sp=0x0000007857bfdc48 mode 2
Event: 6.112 Thread 0x000001e900e75860 Uncommon trap: trap_request=0xffffff76 fr.pc=0x000001e913bf332c relative=0x000000000000074c
Event: 6.112 Thread 0x000001e900e75860 Uncommon trap: reason=predicate action=maybe_recompile pc=0x000001e913bf332c method=java.util.stream.ReferencePipeline.forEachWithCancel(Ljava/util/Spliterator;Ljava/util/stream/Sink;)Z @ 8 c2
Event: 6.112 Thread 0x000001e900e75860 DEOPT PACKING pc=0x000001e913bf332c sp=0x0000007857bfe0a0
Event: 6.112 Thread 0x000001e900e75860 DEOPT UNPACKING pc=0x000001e9134d6d02 sp=0x0000007857bfdf60 mode 2
Event: 6.126 Thread 0x000001e900e75860 Uncommon trap: trap_request=0xffffffbe fr.pc=0x000001e913a0f484 relative=0x0000000000000f64
Event: 6.126 Thread 0x000001e900e75860 Uncommon trap: reason=profile_predicate action=maybe_recompile pc=0x000001e913a0f484 method=java.util.TimSort.binarySort([Ljava/lang/Object;IIILjava/util/Comparator;)V @ 34 c2
Event: 6.126 Thread 0x000001e900e75860 DEOPT PACKING pc=0x000001e913a0f484 sp=0x0000007857bfdc10
Event: 6.126 Thread 0x000001e900e75860 DEOPT UNPACKING pc=0x000001e9134d6d02 sp=0x0000007857bfdbd0 mode 2
Event: 6.126 Thread 0x000001e900e75860 Uncommon trap: trap_request=0xffffffbe fr.pc=0x000001e913a0f484 relative=0x0000000000000f64
Event: 6.126 Thread 0x000001e900e75860 Uncommon trap: reason=profile_predicate action=maybe_recompile pc=0x000001e913a0f484 method=java.util.TimSort.binarySort([Ljava/lang/Object;IIILjava/util/Comparator;)V @ 34 c2
Event: 6.126 Thread 0x000001e900e75860 DEOPT PACKING pc=0x000001e913a0f484 sp=0x0000007857bfdc10
Event: 6.126 Thread 0x000001e900e75860 DEOPT UNPACKING pc=0x000001e9134d6d02 sp=0x0000007857bfdbd0 mode 2
Event: 6.126 Thread 0x000001e900e75860 Uncommon trap: trap_request=0xffffffbe fr.pc=0x000001e913a0f484 relative=0x0000000000000f64
Event: 6.126 Thread 0x000001e900e75860 Uncommon trap: reason=profile_predicate action=maybe_recompile pc=0x000001e913a0f484 method=java.util.TimSort.binarySort([Ljava/lang/Object;IIILjava/util/Comparator;)V @ 34 c2
Event: 6.126 Thread 0x000001e900e75860 DEOPT PACKING pc=0x000001e913a0f484 sp=0x0000007857bfdc10
Event: 6.126 Thread 0x000001e900e75860 DEOPT UNPACKING pc=0x000001e9134d6d02 sp=0x0000007857bfdbd0 mode 2

Classes loaded (20 events):
Event: 6.138 Loading class jdk/internal/logger/LazyLoggers
Event: 6.138 Loading class jdk/internal/logger/LazyLoggers done
Event: 6.138 Loading class jdk/internal/logger/LazyLoggers$1
Event: 6.138 Loading class jdk/internal/logger/LazyLoggers$1 done
Event: 6.138 Loading class jdk/internal/logger/LazyLoggers$LazyLoggerFactories
Event: 6.138 Loading class jdk/internal/logger/LazyLoggers$LazyLoggerFactories done
Event: 6.138 Loading class jdk/internal/logger/LoggerFinderLoader
Event: 6.138 Loading class jdk/internal/logger/LoggerFinderLoader done
Event: 6.138 Loading class jdk/internal/logger/LoggerFinderLoader$TemporaryLoggerFinder
Event: 6.138 Loading class jdk/internal/logger/LoggerFinderLoader$TemporaryLoggerFinder done
Event: 6.138 Loading class sun/util/logging/internal/LoggingProviderImpl$JULWrapper
Event: 6.138 Loading class sun/util/logging/PlatformLogger$ConfigurableBridge$LoggerConfiguration
Event: 6.138 Loading class sun/util/logging/PlatformLogger$ConfigurableBridge$LoggerConfiguration done
Event: 6.138 Loading class sun/util/logging/internal/LoggingProviderImpl$JULWrapper done
Event: 6.138 Loading class java/lang/System$Logger$Level
Event: 6.139 Loading class java/lang/System$Logger$Level done
Event: 6.139 Loading class java/io/PipedOutputStream
Event: 6.139 Loading class java/io/PipedOutputStream done
Event: 6.145 Loading class jdk/internal/event/ThreadSleepEvent
Event: 6.145 Loading class jdk/internal/event/ThreadSleepEvent done

Classes unloaded (0 events):
No events

Classes redefined (0 events):
No events

Internal exceptions (20 events):
Event: 5.040 Thread 0x000001e900e75860 Exception <a 'sun/nio/fs/WindowsException'{0x00000006c554d440}> (0x00000006c554d440) 
thrown [s\src\hotspot\share\prims\jni.cpp, line 518]
Event: 5.045 Thread 0x000001e900e75860 Exception <a 'sun/nio/fs/WindowsException'{0x00000006c55597e0}> (0x00000006c55597e0) 
thrown [s\src\hotspot\share\prims\jni.cpp, line 518]
Event: 5.107 Thread 0x000001e900e75860 Exception <a 'sun/nio/fs/WindowsException'{0x00000006c50047e8}> (0x00000006c50047e8) 
thrown [s\src\hotspot\share\prims\jni.cpp, line 518]
Event: 5.129 Thread 0x000001e900e75860 Exception <a 'sun/nio/fs/WindowsException'{0x00000006c50e2150}> (0x00000006c50e2150) 
thrown [s\src\hotspot\share\prims\jni.cpp, line 518]
Event: 5.138 Thread 0x000001e900e75860 Exception <a 'sun/nio/fs/WindowsException'{0x00000006c511c6c8}> (0x00000006c511c6c8) 
thrown [s\src\hotspot\share\prims\jni.cpp, line 518]
Event: 5.155 Thread 0x000001e900e75860 Exception <a 'sun/nio/fs/WindowsException'{0x00000006c51c4158}> (0x00000006c51c4158) 
thrown [s\src\hotspot\share\prims\jni.cpp, line 518]
Event: 5.212 Thread 0x000001e900e75860 Exception <a 'sun/nio/fs/WindowsException'{0x00000006c4ceff50}> (0x00000006c4ceff50) 
thrown [s\src\hotspot\share\prims\jni.cpp, line 518]
Event: 5.260 Thread 0x000001e900e75860 Exception <a 'sun/nio/fs/WindowsException'{0x00000006c4f3aa00}> (0x00000006c4f3aa00) 
thrown [s\src\hotspot\share\prims\jni.cpp, line 518]
Event: 5.270 Thread 0x000001e900e75860 Exception <a 'sun/nio/fs/WindowsException'{0x00000006c4f817c0}> (0x00000006c4f817c0) 
thrown [s\src\hotspot\share\prims\jni.cpp, line 518]
Event: 5.317 Thread 0x000001e900e75860 Exception <a 'sun/nio/fs/WindowsException'{0x00000006c4a451d0}> (0x00000006c4a451d0) 
thrown [s\src\hotspot\share\prims\jni.cpp, line 518]
Event: 5.333 Thread 0x000001e900e75860 Exception <a 'sun/nio/fs/WindowsException'{0x00000006c4af3e08}> (0x00000006c4af3e08) 
thrown [s\src\hotspot\share\prims\jni.cpp, line 518]
Event: 5.362 Thread 0x000001e900e75860 Exception <a 'sun/nio/fs/WindowsException'{0x00000006c4509440}> (0x00000006c4509440) 
thrown [s\src\hotspot\share\prims\jni.cpp, line 518]
Event: 5.370 Thread 0x000001e900e75860 Exception <a 'sun/nio/fs/WindowsException'{0x00000006c4537508}> (0x00000006c4537508) 
thrown [s\src\hotspot\share\prims\jni.cpp, line 518]
Event: 5.370 Thread 0x000001e900e75860 Exception <a 'sun/nio/fs/WindowsException'{0x00000006c4537cb0}> (0x00000006c4537cb0) 
thrown [s\src\hotspot\share\prims\jni.cpp, line 518]
Event: 6.096 Thread 0x000001e900e75860 Exception <a 'sun/nio/fs/WindowsException'{0x00000006c742d2c8}> (0x00000006c742d2c8) 
thrown [s\src\hotspot\share\prims\jni.cpp, line 518]
Event: 6.096 Thread 0x000001e900e75860 Exception <a 'sun/nio/fs/WindowsException'{0x00000006c742db28}> (0x00000006c742db28) 
thrown [s\src\hotspot\share\prims\jni.cpp, line 518]
Event: 6.133 Thread 0x000001e900e75860 Exception <a 'java/lang/NoSuchMethodError'{0x00000006c771dca0}: 'void java.lang.invoke.DirectMethodHandle$Holder.invokeStatic(java.lang.Object, long)'> (0x00000006c771dca0) 
thrown [s\src\hotspot\share\interpreter\linkResolver.cpp, line 805]
Event: 6.134 Thread 0x000001e900e75860 Exception <a 'java/lang/NoSuchMethodError'{0x00000006c772c758}: 'java.lang.Object java.lang.invoke.DirectMethodHandle$Holder.newInvokeSpecial(java.lang.Object, long)'> (0x00000006c772c758) 
thrown [s\src\hotspot\share\interpreter\linkResolver.cpp, line 805]
Event: 6.135 Thread 0x000001e900e75860 Exception <a 'java/lang/NoSuchMethodError'{0x00000006c7735798}: 'java.lang.Object java.lang.invoke.DirectMethodHandle$Holder.invokeStatic(java.lang.Object, long, java.lang.Object)'> (0x00000006c7735798) 
thrown [s\src\hotspot\share\interpreter\linkResolver.cpp, line 805]
Event: 6.135 Thread 0x000001e900e75860 Exception <a 'java/lang/NoSuchMethodError'{0x00000006c773d890}: 'java.lang.Object java.lang.invoke.DirectMethodHandle$Holder.invokeStaticInit(java.lang.Object, long, java.lang.Object)'> (0x00000006c773d890) 
thrown [s\src\hotspot\share\interpreter\linkResolver.cpp, line 805]

VM Operations (20 events):
Event: 4.645 Executing VM operation: HandshakeAllThreads (Deoptimize)
Event: 4.645 Executing VM operation: HandshakeAllThreads (Deoptimize) done
Event: 4.651 Executing VM operation: HandshakeAllThreads (Deoptimize)
Event: 4.651 Executing VM operation: HandshakeAllThreads (Deoptimize) done
Event: 4.740 Executing VM operation: HandshakeAllThreads (Deoptimize)
Event: 4.740 Executing VM operation: HandshakeAllThreads (Deoptimize) done
Event: 4.742 Executing VM operation: HandshakeAllThreads (Deoptimize)
Event: 4.742 Executing VM operation: HandshakeAllThreads (Deoptimize) done
Event: 4.879 Executing VM operation: HandshakeAllThreads (Deoptimize)
Event: 4.879 Executing VM operation: HandshakeAllThreads (Deoptimize) done
Event: 4.886 Executing VM operation: HandshakeAllThreads (Deoptimize)
Event: 4.886 Executing VM operation: HandshakeAllThreads (Deoptimize) done
Event: 4.887 Executing VM operation: HandshakeAllThreads (Deoptimize)
Event: 4.887 Executing VM operation: HandshakeAllThreads (Deoptimize) done
Event: 5.425 Executing VM operation: G1CollectForAllocation (G1 Evacuation Pause)
Event: 5.442 Executing VM operation: G1CollectForAllocation (G1 Evacuation Pause) done
Event: 6.032 Executing VM operation: HandshakeAllThreads (Deoptimize)
Event: 6.032 Executing VM operation: HandshakeAllThreads (Deoptimize) done
Event: 6.041 Executing VM operation: HandshakeAllThreads (Deoptimize)
Event: 6.041 Executing VM operation: HandshakeAllThreads (Deoptimize) done

Memory protections (0 events):
No events

Nmethod flushes (0 events):
No events

Events (18 events):
Event: 0.023 Thread 0x000001e900e75860 Thread added: 0x000001e900e75860
Event: 0.031 Thread 0x000001e900e75860 Thread added: 0x000001e9234e5880
Event: 0.031 Thread 0x000001e900e75860 Thread added: 0x000001e9234e63b0
Event: 0.032 Thread 0x000001e900e75860 Thread added: 0x000001e9234e9af0
Event: 0.032 Thread 0x000001e900e75860 Thread added: 0x000001e9234ea8a0
Event: 0.032 Thread 0x000001e900e75860 Thread added: 0x000001e9234ebf40
Event: 0.032 Thread 0x000001e900e75860 Thread added: 0x000001e9234edd80
Event: 0.032 Thread 0x000001e900e75860 Thread added: 0x000001e9234f1560
Event: 0.032 Thread 0x000001e900e75860 Thread added: 0x000001e9234f2e10
Event: 0.039 Thread 0x000001e900e75860 Thread added: 0x000001e9236c7060
Event: 0.040 Thread 0x000001e900e75860 Thread added: 0x000001e9236d3d60
Event: 0.148 Thread 0x000001e900e75860 Thread added: 0x000001e9236d44b0
Event: 0.174 Thread 0x000001e9236d44b0 Thread exited: 0x000001e9236d44b0
Event: 0.568 Thread 0x000001e9234f2e10 Thread added: 0x000001e96995d7c0
Event: 6.141 Thread 0x000001e900e75860 Thread added: 0x000001e9236d2ec0
Event: 6.141 Thread 0x000001e900e75860 Thread added: 0x000001e969504fe0
Event: 6.141 Thread 0x000001e900e75860 Thread added: 0x000001e969505e80
Event: 6.499 Thread 0x000001e96995d7c0 Thread exited: 0x000001e96995d7c0


Dynamic libraries:
0x00007ff653fb0000 - 0x00007ff653fbe000 	C:\Program Files\Apache NetBeans\jdk\bin\java.exe
0x00007ffb8ccc0000 - 0x00007ffb8cf27000 	C:\WINDOWS\SYSTEM32\ntdll.dll
0x00007ffb8b640000 - 0x00007ffb8b709000 	C:\WINDOWS\System32\KERNEL32.DLL
0x00007ffb8a140000 - 0x00007ffb8a52f000 	C:\WINDOWS\System32\KERNELBASE.dll
0x00007ffb89ff0000 - 0x00007ffb8a13b000 	C:\WINDOWS\System32\ucrtbase.dll
0x00007ffb49e70000 - 0x00007ffb49e86000 	C:\Program Files\Apache NetBeans\jdk\bin\jli.dll
0x00007ffb4e240000 - 0x00007ffb4e25e000 	C:\Program Files\Apache NetBeans\jdk\bin\VCRUNTIME140.dll
0x00007ffb8bcc0000 - 0x00007ffb8be85000 	C:\WINDOWS\System32\USER32.dll
0x00007ffb8a740000 - 0x00007ffb8a767000 	C:\WINDOWS\System32\win32u.dll
0x00007ffb6d6e0000 - 0x00007ffb6d973000 	C:\WINDOWS\WinSxS\amd64_microsoft.windows.common-controls_6595b64144ccf1df_6.0.26100.7309_none_3e05feeae336a044\COMCTL32.dll
0x00007ffb8ada0000 - 0x00007ffb8adcb000 	C:\WINDOWS\System32\GDI32.dll
0x00007ffb8ae50000 - 0x00007ffb8aef9000 	C:\WINDOWS\System32\msvcrt.dll
0x00007ffb89e10000 - 0x00007ffb89f3c000 	C:\WINDOWS\System32\gdi32full.dll
0x00007ffb89f40000 - 0x00007ffb89fe3000 	C:\WINDOWS\System32\msvcp_win.dll
0x00007ffb8b710000 - 0x00007ffb8b741000 	C:\WINDOWS\System32\IMM32.DLL
0x00007ffb846f0000 - 0x00007ffb846fc000 	C:\Program Files\Apache NetBeans\jdk\bin\vcruntime140_1.dll
0x00007ffb471d0000 - 0x00007ffb4725d000 	C:\Program Files\Apache NetBeans\jdk\bin\msvcp140.dll
0x00007ffaeb9a0000 - 0x00007ffaec81c000 	C:\Program Files\Apache NetBeans\jdk\bin\server\jvm.dll
0x00007ffb8ac40000 - 0x00007ffb8acf4000 	C:\WINDOWS\System32\ADVAPI32.dll
0x00007ffb8c2f0000 - 0x00007ffb8c396000 	C:\WINDOWS\System32\sechost.dll
0x00007ffb8b520000 - 0x00007ffb8b638000 	C:\WINDOWS\System32\RPCRT4.dll
0x00007ffb8af00000 - 0x00007ffb8af74000 	C:\WINDOWS\System32\WS2_32.dll
0x00007ffb89c70000 - 0x00007ffb89cce000 	C:\WINDOWS\SYSTEM32\POWRPROF.dll
0x00007ffb7a080000 - 0x00007ffb7a08b000 	C:\WINDOWS\SYSTEM32\VERSION.dll
0x00007ffb825d0000 - 0x00007ffb82605000 	C:\WINDOWS\SYSTEM32\WINMM.dll
0x00007ffb89c50000 - 0x00007ffb89c64000 	C:\WINDOWS\SYSTEM32\UMPDC.dll
0x00007ffb88bc0000 - 0x00007ffb88bdb000 	C:\WINDOWS\SYSTEM32\kernel.appcore.dll
0x00007ffb50830000 - 0x00007ffb5083a000 	C:\Program Files\Apache NetBeans\jdk\bin\jimage.dll
0x00007ffb87270000 - 0x00007ffb874b2000 	C:\WINDOWS\SYSTEM32\DBGHELP.DLL
0x00007ffb8b800000 - 0x00007ffb8bb85000 	C:\WINDOWS\System32\combase.dll
0x00007ffb8c210000 - 0x00007ffb8c2e6000 	C:\WINDOWS\System32\OLEAUT32.dll
0x00007ffb62e60000 - 0x00007ffb62e9c000 	C:\WINDOWS\SYSTEM32\dbgcore.DLL
0x00007ffb8a770000 - 0x00007ffb8a815000 	C:\WINDOWS\System32\bcryptPrimitives.dll
0x00007ffb4e220000 - 0x00007ffb4e23e000 	C:\Program Files\Apache NetBeans\jdk\bin\java.dll
0x00007ffb8c070000 - 0x00007ffb8c207000 	C:\WINDOWS\System32\ole32.dll
0x00007ffb8c3a0000 - 0x00007ffb8caf3000 	C:\WINDOWS\System32\SHELL32.dll
0x00007ffb8a540000 - 0x00007ffb8a6aa000 	C:\WINDOWS\System32\wintypes.dll
0x00007ffb879e0000 - 0x00007ffb8823e000 	C:\WINDOWS\SYSTEM32\windows.storage.dll
0x00007ffb8af90000 - 0x00007ffb8b085000 	C:\WINDOWS\System32\SHCORE.dll
0x00007ffb8bc50000 - 0x00007ffb8bcb6000 	C:\WINDOWS\System32\shlwapi.dll
0x00007ffb89d30000 - 0x00007ffb89d59000 	C:\WINDOWS\SYSTEM32\profapi.dll
0x00007ffaf8090000 - 0x00007ffaf8167000 	C:\Program Files\Apache NetBeans\jdk\bin\jsvml.dll
0x00007ffb4a440000 - 0x00007ffb4a450000 	C:\Program Files\Apache NetBeans\jdk\bin\net.dll
0x00007ffb89130000 - 0x00007ffb8919b000 	C:\WINDOWS\system32\mswsock.dll
0x00007ffb49e30000 - 0x00007ffb49e46000 	C:\Program Files\Apache NetBeans\jdk\bin\nio.dll
0x00007ffb49e50000 - 0x00007ffb49e67000 	C:\Program Files\Apache NetBeans\jdk\bin\zip.dll
0x00007ffb77940000 - 0x00007ffb77964000 	C:\Program Files\Apache NetBeans\java\maven\lib\jansi-native\Windows\x86_64\jansi.dll
0x00007ffb49e20000 - 0x00007ffb49e30000 	C:\Program Files\Apache NetBeans\jdk\bin\verify.dll
0x00007ffb88ce0000 - 0x00007ffb88d16000 	C:\WINDOWS\SYSTEM32\ntmarta.dll

JVMTI agents: none

dbghelp: loaded successfully - version: 4.0.5 - missing functions: none
symbol engine: initialized successfully - sym options: 0x614 - pdb path: .;C:\Program Files\Apache NetBeans\jdk\bin;C:\WINDOWS\SYSTEM32;C:\WINDOWS\WinSxS\amd64_microsoft.windows.common-controls_6595b64144ccf1df_6.0.26100.7309_none_3e05feeae336a044;C:\Program Files\Apache NetBeans\jdk\bin\server;C:\Program Files\Apache NetBeans\java\maven\lib\jansi-native\Windows\x86_64

VM Arguments:
jvm_args: --enable-native-access=ALL-UNNAMED -Dclassworlds.conf=C:\Program Files\Apache NetBeans\java\maven\bin\m2.conf -Dmaven.home=C:\Program Files\Apache NetBeans\java\maven -Dlibrary.jansi.path=C:\Program Files\Apache NetBeans\java\maven\lib\jansi-native -Dmaven.multiModuleProjectDirectory=C:\Users\Dell\OneDrive\Documents\NetBeansProjects\hcj_car_rentsystem 
java_command: org.codehaus.plexus.classworlds.launcher.Launcher -Dexec.vmArgs= -Dexec.appArgs= -Dmaven.ext.class.path=C:\Program Files\Apache NetBeans\java\maven-nblib\netbeans-eventspy.jar --no-transfer-progress clean javafx:run
java_class_path (initial): C:\Program Files\Apache NetBeans\java\maven\boot\plexus-classworlds-2.9.0.jar
Launcher Type: SUN_STANDARD

[Global flags]
     intx CICompilerCount                          = 3                                         {product} {ergonomic}
     uint ConcGCThreads                            = 1                                         {product} {ergonomic}
     uint G1ConcRefinementThreads                  = 4                                         {product} {ergonomic}
   size_t G1HeapRegionSize                         = 4194304                                   {product} {ergonomic}
   size_t InitialHeapSize                          = 331350016                                 {product} {ergonomic}
   size_t MarkStackSize                            = 4194304                                   {product} {ergonomic}
   size_t MarkStackSizeMax                         = 536870912                                 {product} {ergonomic}
   size_t MaxHeapSize                              = 5301600256                                {product} {ergonomic}
   size_t MaxNewSize                               = 3179282432                                {product} {ergonomic}
   size_t MinHeapDeltaBytes                        = 4194304                                   {product} {ergonomic}
   size_t MinHeapSize                              = 8388608                                   {product} {ergonomic}
    uintx NonNMethodCodeHeapSize                   = 5832704                                {pd product} {ergonomic}
    uintx NonProfiledCodeHeapSize                  = 122945536                              {pd product} {ergonomic}
    uintx ProfiledCodeHeapSize                     = 122880000                              {pd product} {ergonomic}
    uintx ReservedCodeCacheSize                    = 251658240                              {pd product} {ergonomic}
     bool SegmentedCodeCache                       = true                                      {product} {ergonomic}
   size_t SoftMaxHeapSize                          = 5301600256                             {manageable} {ergonomic}
     bool UseCompressedOops                        = true                           {product lp64_product} {ergonomic}
     bool UseG1GC                                  = true                                      {product} {ergonomic}
     bool UseLargePagesIndividualAllocation        = false                                  {pd product} {ergonomic}

Logging:
Log output configuration:
 #0: stdout all=warning uptime,level,tags foldmultilines=false
 #1: stderr all=off uptime,level,tags foldmultilines=false

Environment Variables:
JAVA_HOME=C:\Program Files\Apache NetBeans\jdk
PATH=C:\Program Files\Common Files\Oracle\Java\javapath;C:\Program Files (x86)\NVIDIA Corporation\PhysX\Common;C:\WINDOWS\system32;C:\WINDOWS;C:\WINDOWS\System32\Wbem;C:\WINDOWS\System32\WindowsPowerShell\v1.0\;C:\WINDOWS\System32\OpenSSH\;C:\Program Files\dotnet\;C:\Program Files\Microsoft SQL Server\Client SDK\ODBC\170\Tools\Binn\;C:\Program Files (x86)\Microsoft SQL Server\150\Tools\Binn\;C:\Program Files\Microsoft SQL Server\150\Tools\Binn\;C:\Program Files\Microsoft SQL Server\150\DTS\Binn\;C:\Program Files (x86)\Windows Kits\8.1\Windows Performance Toolkit\;C:\Program Files\Git\cmd;C:\Program Files\Java\jdk-21\bin;;C:\Program Files\Docker\Docker\resources\bin;C:\msys64\home\Dell\.splashkit;C:\msys64\home\Dell\.splashkit\lib\win64;C:\msys64\home\Dell\.splashkit\lib;C:\Windows\System32;C:\Windows;C:\Windows\System32\Wbem;C:\Windows\System32\WindowsPowerShell\v1.0\;C:\Users\Dell\AppData\Local\Programs\Microsoft VS Code\bin;C:\Users\Dell\AppData\Local\Microsoft\WindowsApps;C:\Users\Dell\AppData\Local\GitHubDesktop\bin;C:\Program Files\JetBrains\IntelliJ IDEA 2025.2.4\bin
USERNAME=Dell
OS=Windows_NT
PROCESSOR_IDENTIFIER=Intel64 Family 6 Model 140 Stepping 1, GenuineIntel
TMP=C:\Users\Dell\AppData\Local\Temp
TEMP=C:\Users\Dell\AppData\Local\Temp




Periodic native trim disabled

---------------  S Y S T E M  ---------------

OS:
 Windows 11 , 64 bit Build 26100 (10.0.26100.7309)
OS uptime: 3 days 10:31 hours
Hyper-V role detected

CPU: total 4 (initial active 4) (2 cores per cpu, 2 threads per core) family 6 model 140 stepping 1 microcode 0xbc, cx8, cmov, fxsr, ht, mmx, 3dnowpref, sse, sse2, sse3, ssse3, sse4.1, sse4.2, popcnt, lzcnt, tsc, tscinvbit, avx, avx2, aes, erms, clmul, bmi1, bmi2, adx, avx512f, avx512dq, avx512cd, avx512bw, avx512vl, sha, fma, vzeroupper, avx512_vpopcntdq, avx512_vpclmulqdq, avx512_vaes, avx512_vnni, clflush, clflushopt, clwb, avx512_vbmi2, avx512_vbmi, hv, rdtscp, rdpid, fsrm, gfni, avx512_bitalg, f16c, cet_ibt, cet_ss, avx512_ifma
Processor Information for the first 4 processors :
  Max Mhz: 2995, Current Mhz: 2995, Mhz Limit: 2995

Memory: 4k page, system-wide physical 20214M (1700M free)
TotalPageFile size 28819M (AvailPageFile size 5M)
current process WorkingSet (physical memory assigned to process): 248M, peak: 265M
current process commit charge ("private bytes"): 278M, peak: 477M

vm_info: OpenJDK 64-Bit Server VM (24.0.2+12) for windows-amd64 JRE (24.0.2+12) (Zulu24.32+13-CA), built on 2025-07-11T12:45:44Z with MS VC++ 17.1 (VS2022)

END.
