#
# There is insufficient memory for the Java Runtime Environment to continue.
# Native memory allocation (malloc) failed to allocate 7549584 bytes. Error detail: Chunk::new
# Possible reasons:
#   The system is out of physical RAM or swap space
#   This process is running with CompressedOops enabled, and the Java Heap may be blocking the growth of the native heap
# Possible solutions:
#   Reduce memory load on the system
#   Increase physical memory or swap space
#   Check if swap backing store is full
#   Decrease Java heap size (-Xmx/-Xms)
#   Decrease number of Java threads
#   Decrease Java thread stack sizes (-Xss)
#   Set larger code cache with -XX:ReservedCodeCacheSize=
#   JVM is running with Zero Based Compressed Oops mode in which the Java heap is
#     placed in the first 32GB address space. The Java Heap base address is the
#     maximum limit for the native heap growth. Please use -XX:HeapBaseMinAddress
#     to set the Java Heap base and to place the Java Heap above 32GB virtual address.
# This output file may be truncated or incomplete.
#
#  Out of Memory Error (arena.cpp:162), pid=8080, tid=23932
#
# JRE version: OpenJDK Runtime Environment Zulu24.32+13-CA (24.0.2+12) (build 24.0.2+12)
# Java VM: OpenJDK 64-Bit Server VM Zulu24.32+13-CA (24.0.2+12, mixed mode, sharing, tiered, compressed oops, compressed class ptrs, g1 gc, windows-amd64)
# No core dump will be written. Minidumps are not enabled by default on client versions of Windows
#

---------------  S U M M A R Y ------------

Command Line: --module-path=C:\Users\Dell\OneDrive\Documents\NetBeansProjects\hcj_car_rentsystem\target\classes;C:\Users\Dell\.m2\repository\org\openjfx\javafx-base\13\javafx-base-13-win.jar;C:\Users\Dell\.m2\repository\org\openjfx\javafx-controls\13\javafx-controls-13-win.jar;C:\Users\Dell\.m2\repository\org\openjfx\javafx-fxml\13\javafx-fxml-13-win.jar;C:\Users\Dell\.m2\repository\org\openjfx\javafx-graphics\13\javafx-graphics-13-win.jar --add-modules=lk.ijse.hcj_car_rentsystem -Djdk.module.main=lk.ijse.hcj_car_rentsystem lk.ijse.hcj_car_rentsystem/lk.ijse.hcj_car_rentsystem.App

Host: 11th Gen Intel(R) Core(TM) i3-1115G4 @ 3.00GHz, 4 cores, 19G,  Windows 11 , 64 bit Build 26100 (10.0.26100.7309)
Time: Wed Dec 17 17:43:26 2025 Sri Lanka Standard Time elapsed time: 1.639083 seconds (0d 0h 0m 1s)

---------------  T H R E A D  ---------------

Current thread (0x000001ddfcc7f050):  JavaThread "C2 CompilerThread0" daemon [_thread_in_native, id=23932, stack(0x000000cfdf900000,0x000000cfdfa00000) (1024K)]


Current CompileTask:
C2:1639 1670   !   4       com.sun.javafx.css.ParsedValueImpl::readBinary (688 bytes)

Stack: [0x000000cfdf900000,0x000000cfdfa00000]
Native frames: (J=compiled Java code, j=interpreted, Vv=VM code, C=native code)
V  [jvm.dll+0x741329]  (no source info available)
V  [jvm.dll+0x97e243]  (no source info available)
V  [jvm.dll+0x98056d]  (no source info available)
V  [jvm.dll+0x980be3]  (no source info available)
V  [jvm.dll+0x2b5a76]  (no source info available)
V  [jvm.dll+0xd00af]  (no source info available)
V  [jvm.dll+0xd030f]  (no source info available)
V  [jvm.dll+0x15b85f]  (no source info available)
V  [jvm.dll+0x746bef]  (no source info available)
V  [jvm.dll+0x27a478]  (no source info available)
V  [jvm.dll+0x279591]  (no source info available)
V  [jvm.dll+0x1f30fa]  (no source info available)
V  [jvm.dll+0x288d95]  (no source info available)
V  [jvm.dll+0x28702a]  (no source info available)
V  [jvm.dll+0x43e016]  (no source info available)
V  [jvm.dll+0x920c78]  (no source info available)
V  [jvm.dll+0x73fab5]  (no source info available)
C  [ucrtbase.dll+0x37b0]  (no source info available)
C  [KERNEL32.DLL+0x2e8d7]  (no source info available)
C  [ntdll.dll+0x8c53c]  (no source info available)

Lock stack of current Java thread (top to bottom):


---------------  P R O C E S S  ---------------

Threads class SMR info:
_java_thread_list=0x000001ddd4f88030, length=18, elements={
0x000001dde9546280, 0x000001ddfcc6f9a0, 0x000001ddfcc76260, 0x000001ddfcc7b200,
0x000001ddfcc7c1d0, 0x000001ddfcc7cdf0, 0x000001ddfcc81140, 0x000001ddfcc7f050,
0x000001ddfccaf470, 0x000001ddd4082110, 0x000001ddd41a1b70, 0x000001ddd434a340,
0x000001ddd4c1f080, 0x000001ddd4df56f0, 0x000001ddd4df5e30, 0x000001ddd4b737c0,
0x000001ddd4b77b80, 0x000001ddd4f82eb0
}

Java Threads: ( => current thread )
  0x000001dde9546280 JavaThread "main"                              [_thread_blocked, id=18780, stack(0x000000cfdeb00000,0x000000cfdec00000) (1024K)]
  0x000001ddfcc6f9a0 JavaThread "Reference Handler"          daemon [_thread_blocked, id=19132, stack(0x000000cfdf300000,0x000000cfdf400000) (1024K)]
  0x000001ddfcc76260 JavaThread "Finalizer"                  daemon [_thread_blocked, id=3020, stack(0x000000cfdf400000,0x000000cfdf500000) (1024K)]
  0x000001ddfcc7b200 JavaThread "Signal Dispatcher"          daemon [_thread_blocked, id=3280, stack(0x000000cfdf500000,0x000000cfdf600000) (1024K)]
  0x000001ddfcc7c1d0 JavaThread "Attach Listener"            daemon [_thread_blocked, id=31248, stack(0x000000cfdf600000,0x000000cfdf700000) (1024K)]
  0x000001ddfcc7cdf0 JavaThread "Service Thread"             daemon [_thread_blocked, id=14204, stack(0x000000cfdf700000,0x000000cfdf800000) (1024K)]
  0x000001ddfcc81140 JavaThread "Monitor Deflation Thread"   daemon [_thread_blocked, id=8960, stack(0x000000cfdf800000,0x000000cfdf900000) (1024K)]
=>0x000001ddfcc7f050 JavaThread "C2 CompilerThread0"         daemon [_thread_in_native, id=23932, stack(0x000000cfdf900000,0x000000cfdfa00000) (1024K)]
  0x000001ddfccaf470 JavaThread "C1 CompilerThread0"         daemon [_thread_blocked, id=22804, stack(0x000000cfdfa00000,0x000000cfdfb00000) (1024K)]
  0x000001ddd4082110 JavaThread "Common-Cleaner"             daemon [_thread_blocked, id=11688, stack(0x000000cfdfb00000,0x000000cfdfc00000) (1024K)]
  0x000001ddd41a1b70 JavaThread "C2 CompilerThread1"         daemon [_thread_blocked, id=8628, stack(0x000000cfdfc00000,0x000000cfdfd00000) (1024K)]
  0x000001ddd434a340 JavaThread "Notification Thread"        daemon [_thread_blocked, id=11040, stack(0x000000cfdfd00000,0x000000cfdfe00000) (1024K)]
  0x000001ddd4c1f080 JavaThread "QuantumRenderer-0"          daemon [_thread_blocked, id=19284, stack(0x000000cfdfe00000,0x000000cfdff00000) (1024K)]
  0x000001ddd4df56f0 JavaThread "InvokeLaterDispatcher"      daemon [_thread_blocked, id=25144, stack(0x000000cfdff00000,0x000000cfe0000000) (1024K)]
  0x000001ddd4df5e30 JavaThread "JavaFX Application Thread"         [_thread_in_native, id=30808, stack(0x000000cfe0000000,0x000000cfe0100000) (1024K)]
  0x000001ddd4b737c0 JavaThread "JavaFX-Launcher"                   [_thread_blocked, id=29012, stack(0x000000cfe0200000,0x000000cfe0300000) (1024K)]
  0x000001ddd4b77b80 JavaThread "Thread-2"                   daemon [_thread_in_native, id=13368, stack(0x000000cfe0100000,0x000000cfe0200000) (1024K)]
  0x000001ddd4f82eb0 JavaThread "Prism Font Disposer"        daemon [_thread_blocked, id=24024, stack(0x000000cfe0600000,0x000000cfe0700000) (1024K)]
Total: 18

Other Threads:
  0x000001ddfcc613b0 VMThread "VM Thread"                           [id=3172, stack(0x000000cfdf200000,0x000000cfdf300000) (1024K)]
  0x000001ddfcc53f60 WatcherThread "VM Periodic Task Thread"        [id=10528, stack(0x000000cfdf100000,0x000000cfdf200000) (1024K)]
  0x000001ddeba735d0 WorkerThread "GC Thread#0"                     [id=26388, stack(0x000000cfdec00000,0x000000cfded00000) (1024K)]
  0x000001ddd4e7f4f0 WorkerThread "GC Thread#1"                     [id=23608, stack(0x000000cfe0300000,0x000000cfe0400000) (1024K)]
  0x000001ddd4ee58e0 WorkerThread "GC Thread#2"                     [id=20972, stack(0x000000cfe0400000,0x000000cfe0500000) (1024K)]
  0x000001ddd4ee5c90 WorkerThread "GC Thread#3"                     [id=7612, stack(0x000000cfe0500000,0x000000cfe0600000) (1024K)]
  0x000001ddeba81bb0 ConcurrentGCThread "G1 Main Marker"            [id=26072, stack(0x000000cfded00000,0x000000cfdee00000) (1024K)]
  0x000001ddeba835b0 WorkerThread "G1 Conc#0"                       [id=30388, stack(0x000000cfdee00000,0x000000cfdef00000) (1024K)]
  0x000001ddebabd530 ConcurrentGCThread "G1 Refine#0"               [id=26888, stack(0x000000cfdef00000,0x000000cfdf000000) (1024K)]
  0x000001ddfcb224d0 ConcurrentGCThread "G1 Service"                [id=25432, stack(0x000000cfdf000000,0x000000cfdf100000) (1024K)]
Total: 10

Threads with active compile tasks:
C2 CompilerThread0  1703 1670   !   4       com.sun.javafx.css.ParsedValueImpl::readBinary (688 bytes)
Total: 1

VM state: not at safepoint (normal execution)

VM Mutex/Monitor currently owned by a thread: None

Heap address: 0x00000006c4000000, size: 5056 MB, Compressed Oops mode: Zero based, Oop shift amount: 3

CDS archive(s) mapped at: [0x000001dd8f000000-0x000001dd8fd40000-0x000001dd8fd40000), size 13893632, SharedBaseAddress: 0x000001dd8f000000, ArchiveRelocationMode: 1.
Compressed class space mapped at: 0x000001dd90000000-0x000001ddd0000000, reserved size: 1073741824
UseCompressedClassPointers 1, UseCompactObjectHeaders 0
Narrow klass pointer bits 32, Max shift 3
Narrow klass base: 0x000001dd8f000000, Narrow klass shift: 0
Encoding Range: [0x000001dd8f000000 - 0x000001de8f000000), (4294967296 bytes)
Klass Range:    [0x000001dd8f000000 - 0x000001ddd0000000), (1090519040 bytes)
Klass ID Range:  [8 - 1090519033) (1090519025)

GC Precious Log:
 CardTable entry size: 512
 Card Set container configuration: InlinePtr #cards 4 size 8 Array Of Cards #cards 32 size 80 Howl #buckets 8 coarsen threshold 7372 Howl Bitmap #cards 1024 size 144 coarsen threshold 921 Card regions per heap region 1 cards per card region 8192
 CPUs: 4 total, 4 available
 Memory: 20214M
 Large Page Support: Disabled
 NUMA Support: Disabled
 Compressed Oops: Enabled (Zero based)
 Heap Region Size: 4M
 Heap Min Capacity: 8M
 Heap Initial Capacity: 316M
 Heap Max Capacity: 5056M
 Pre-touch: Disabled
 Parallel Workers: 4
 Concurrent Workers: 1
 Concurrent Refinement Workers: 4
 Periodic GC: Disabled

Heap:
 garbage-first heap   total reserved 5177344K, committed 327680K, used 36269K [0x00000006c4000000, 0x0000000800000000)
  region size 4096K, 8 young (32768K), 1 survivors (4096K)
 Metaspace       used 11417K, committed 11712K, reserved 1114112K
  class space    used 1315K, committed 1408K, reserved 1048576K

Heap Regions: E=young(eden), S=young(survivor), O=old, HS=humongous(starts), HC=humongous(continues), CS=collection set, F=free, TAMS=top-at-mark-start, PB=parsable bottom
|   0|0x00000006c4000000, 0x00000006c4400000, 0x00000006c4400000|100%|HS|  |TAMS 0x00000006c4000000| PB 0x00000006c4000000| Complete |  0
|   1|0x00000006c4400000, 0x00000006c4800000, 0x00000006c4800000|100%|HC|  |TAMS 0x00000006c4400000| PB 0x00000006c4400000| Complete |  0
|   2|0x00000006c4800000, 0x00000006c4800000, 0x00000006c4c00000|  0%| F|  |TAMS 0x00000006c4800000| PB 0x00000006c4800000| Untracked |  0
|   3|0x00000006c4c00000, 0x00000006c4c00000, 0x00000006c5000000|  0%| F|  |TAMS 0x00000006c4c00000| PB 0x00000006c4c00000| Untracked |  0
|   4|0x00000006c5000000, 0x00000006c5000000, 0x00000006c5400000|  0%| F|  |TAMS 0x00000006c5000000| PB 0x00000006c5000000| Untracked |  0
|   5|0x00000006c5400000, 0x00000006c5400000, 0x00000006c5800000|  0%| F|  |TAMS 0x00000006c5400000| PB 0x00000006c5400000| Untracked |  0
|   6|0x00000006c5800000, 0x00000006c5800000, 0x00000006c5c00000|  0%| F|  |TAMS 0x00000006c5800000| PB 0x00000006c5800000| Untracked |  0
|   7|0x00000006c5c00000, 0x00000006c5c00000, 0x00000006c6000000|  0%| F|  |TAMS 0x00000006c5c00000| PB 0x00000006c5c00000| Untracked |  0
|   8|0x00000006c6000000, 0x00000006c6000000, 0x00000006c6400000|  0%| F|  |TAMS 0x00000006c6000000| PB 0x00000006c6000000| Untracked |  0
|   9|0x00000006c6400000, 0x00000006c6400000, 0x00000006c6800000|  0%| F|  |TAMS 0x00000006c6400000| PB 0x00000006c6400000| Untracked |  0
|  10|0x00000006c6800000, 0x00000006c6800000, 0x00000006c6c00000|  0%| F|  |TAMS 0x00000006c6800000| PB 0x00000006c6800000| Untracked |  0
|  11|0x00000006c6c00000, 0x00000006c6c00000, 0x00000006c7000000|  0%| F|  |TAMS 0x00000006c6c00000| PB 0x00000006c6c00000| Untracked |  0
|  12|0x00000006c7000000, 0x00000006c7000000, 0x00000006c7400000|  0%| F|  |TAMS 0x00000006c7000000| PB 0x00000006c7000000| Untracked |  0
|  13|0x00000006c7400000, 0x00000006c7400000, 0x00000006c7800000|  0%| F|  |TAMS 0x00000006c7400000| PB 0x00000006c7400000| Untracked |  0
|  14|0x00000006c7800000, 0x00000006c7800000, 0x00000006c7c00000|  0%| F|  |TAMS 0x00000006c7800000| PB 0x00000006c7800000| Untracked |  0
|  15|0x00000006c7c00000, 0x00000006c7c00000, 0x00000006c8000000|  0%| F|  |TAMS 0x00000006c7c00000| PB 0x00000006c7c00000| Untracked |  0
|  16|0x00000006c8000000, 0x00000006c8000000, 0x00000006c8400000|  0%| F|  |TAMS 0x00000006c8000000| PB 0x00000006c8000000| Untracked |  0
|  17|0x00000006c8400000, 0x00000006c8400000, 0x00000006c8800000|  0%| F|  |TAMS 0x00000006c8400000| PB 0x00000006c8400000| Untracked |  0
|  18|0x00000006c8800000, 0x00000006c8800000, 0x00000006c8c00000|  0%| F|  |TAMS 0x00000006c8800000| PB 0x00000006c8800000| Untracked |  0
|  19|0x00000006c8c00000, 0x00000006c8c00000, 0x00000006c9000000|  0%| F|  |TAMS 0x00000006c8c00000| PB 0x00000006c8c00000| Untracked |  0
|  20|0x00000006c9000000, 0x00000006c9000000, 0x00000006c9400000|  0%| F|  |TAMS 0x00000006c9000000| PB 0x00000006c9000000| Untracked |  0
|  21|0x00000006c9400000, 0x00000006c9400000, 0x00000006c9800000|  0%| F|  |TAMS 0x00000006c9400000| PB 0x00000006c9400000| Untracked |  0
|  22|0x00000006c9800000, 0x00000006c9800000, 0x00000006c9c00000|  0%| F|  |TAMS 0x00000006c9800000| PB 0x00000006c9800000| Untracked |  0
|  23|0x00000006c9c00000, 0x00000006c9c00000, 0x00000006ca000000|  0%| F|  |TAMS 0x00000006c9c00000| PB 0x00000006c9c00000| Untracked |  0
|  24|0x00000006ca000000, 0x00000006ca000000, 0x00000006ca400000|  0%| F|  |TAMS 0x00000006ca000000| PB 0x00000006ca000000| Untracked |  0
|  25|0x00000006ca400000, 0x00000006ca400000, 0x00000006ca800000|  0%| F|  |TAMS 0x00000006ca400000| PB 0x00000006ca400000| Untracked |  0
|  26|0x00000006ca800000, 0x00000006ca800000, 0x00000006cac00000|  0%| F|  |TAMS 0x00000006ca800000| PB 0x00000006ca800000| Untracked |  0
|  27|0x00000006cac00000, 0x00000006cac00000, 0x00000006cb000000|  0%| F|  |TAMS 0x00000006cac00000| PB 0x00000006cac00000| Untracked |  0
|  28|0x00000006cb000000, 0x00000006cb000000, 0x00000006cb400000|  0%| F|  |TAMS 0x00000006cb000000| PB 0x00000006cb000000| Untracked |  0
|  29|0x00000006cb400000, 0x00000006cb400000, 0x00000006cb800000|  0%| F|  |TAMS 0x00000006cb400000| PB 0x00000006cb400000| Untracked |  0
|  30|0x00000006cb800000, 0x00000006cb800000, 0x00000006cbc00000|  0%| F|  |TAMS 0x00000006cb800000| PB 0x00000006cb800000| Untracked |  0
|  31|0x00000006cbc00000, 0x00000006cbc00000, 0x00000006cc000000|  0%| F|  |TAMS 0x00000006cbc00000| PB 0x00000006cbc00000| Untracked |  0
|  32|0x00000006cc000000, 0x00000006cc000000, 0x00000006cc400000|  0%| F|  |TAMS 0x00000006cc000000| PB 0x00000006cc000000| Untracked |  0
|  33|0x00000006cc400000, 0x00000006cc400000, 0x00000006cc800000|  0%| F|  |TAMS 0x00000006cc400000| PB 0x00000006cc400000| Untracked |  0
|  34|0x00000006cc800000, 0x00000006cc800000, 0x00000006ccc00000|  0%| F|  |TAMS 0x00000006cc800000| PB 0x00000006cc800000| Untracked |  0
|  35|0x00000006ccc00000, 0x00000006ccc00000, 0x00000006cd000000|  0%| F|  |TAMS 0x00000006ccc00000| PB 0x00000006ccc00000| Untracked |  0
|  36|0x00000006cd000000, 0x00000006cd000000, 0x00000006cd400000|  0%| F|  |TAMS 0x00000006cd000000| PB 0x00000006cd000000| Untracked |  0
|  37|0x00000006cd400000, 0x00000006cd400000, 0x00000006cd800000|  0%| F|  |TAMS 0x00000006cd400000| PB 0x00000006cd400000| Untracked |  0
|  38|0x00000006cd800000, 0x00000006cd800000, 0x00000006cdc00000|  0%| F|  |TAMS 0x00000006cd800000| PB 0x00000006cd800000| Untracked |  0
|  39|0x00000006cdc00000, 0x00000006cdc00000, 0x00000006ce000000|  0%| F|  |TAMS 0x00000006cdc00000| PB 0x00000006cdc00000| Untracked |  0
|  40|0x00000006ce000000, 0x00000006ce000000, 0x00000006ce400000|  0%| F|  |TAMS 0x00000006ce000000| PB 0x00000006ce000000| Untracked |  0
|  41|0x00000006ce400000, 0x00000006ce400000, 0x00000006ce800000|  0%| F|  |TAMS 0x00000006ce400000| PB 0x00000006ce400000| Untracked |  0
|  42|0x00000006ce800000, 0x00000006ce800000, 0x00000006cec00000|  0%| F|  |TAMS 0x00000006ce800000| PB 0x00000006ce800000| Untracked |  0
|  43|0x00000006cec00000, 0x00000006cec00000, 0x00000006cf000000|  0%| F|  |TAMS 0x00000006cec00000| PB 0x00000006cec00000| Untracked |  0
|  44|0x00000006cf000000, 0x00000006cf000000, 0x00000006cf400000|  0%| F|  |TAMS 0x00000006cf000000| PB 0x00000006cf000000| Untracked |  0
|  45|0x00000006cf400000, 0x00000006cf400000, 0x00000006cf800000|  0%| F|  |TAMS 0x00000006cf400000| PB 0x00000006cf400000| Untracked |  0
|  46|0x00000006cf800000, 0x00000006cf800000, 0x00000006cfc00000|  0%| F|  |TAMS 0x00000006cf800000| PB 0x00000006cf800000| Untracked |  0
|  47|0x00000006cfc00000, 0x00000006cfc00000, 0x00000006d0000000|  0%| F|  |TAMS 0x00000006cfc00000| PB 0x00000006cfc00000| Untracked |  0
|  48|0x00000006d0000000, 0x00000006d0000000, 0x00000006d0400000|  0%| F|  |TAMS 0x00000006d0000000| PB 0x00000006d0000000| Untracked |  0
|  49|0x00000006d0400000, 0x00000006d0400000, 0x00000006d0800000|  0%| F|  |TAMS 0x00000006d0400000| PB 0x00000006d0400000| Untracked |  0
|  50|0x00000006d0800000, 0x00000006d0800000, 0x00000006d0c00000|  0%| F|  |TAMS 0x00000006d0800000| PB 0x00000006d0800000| Untracked |  0
|  51|0x00000006d0c00000, 0x00000006d0c00000, 0x00000006d1000000|  0%| F|  |TAMS 0x00000006d0c00000| PB 0x00000006d0c00000| Untracked |  0
|  52|0x00000006d1000000, 0x00000006d1000000, 0x00000006d1400000|  0%| F|  |TAMS 0x00000006d1000000| PB 0x00000006d1000000| Untracked |  0
|  53|0x00000006d1400000, 0x00000006d1400000, 0x00000006d1800000|  0%| F|  |TAMS 0x00000006d1400000| PB 0x00000006d1400000| Untracked |  0
|  54|0x00000006d1800000, 0x00000006d1800000, 0x00000006d1c00000|  0%| F|  |TAMS 0x00000006d1800000| PB 0x00000006d1800000| Untracked |  0
|  55|0x00000006d1c00000, 0x00000006d1c00000, 0x00000006d2000000|  0%| F|  |TAMS 0x00000006d1c00000| PB 0x00000006d1c00000| Untracked |  0
|  56|0x00000006d2000000, 0x00000006d2000000, 0x00000006d2400000|  0%| F|  |TAMS 0x00000006d2000000| PB 0x00000006d2000000| Untracked |  0
|  57|0x00000006d2400000, 0x00000006d2400000, 0x00000006d2800000|  0%| F|  |TAMS 0x00000006d2400000| PB 0x00000006d2400000| Untracked |  0
|  58|0x00000006d2800000, 0x00000006d2800000, 0x00000006d2c00000|  0%| F|  |TAMS 0x00000006d2800000| PB 0x00000006d2800000| Untracked |  0
|  59|0x00000006d2c00000, 0x00000006d2c00000, 0x00000006d3000000|  0%| F|  |TAMS 0x00000006d2c00000| PB 0x00000006d2c00000| Untracked |  0
|  60|0x00000006d3000000, 0x00000006d3000000, 0x00000006d3400000|  0%| F|  |TAMS 0x00000006d3000000| PB 0x00000006d3000000| Untracked |  0
|  61|0x00000006d3400000, 0x00000006d3400000, 0x00000006d3800000|  0%| F|  |TAMS 0x00000006d3400000| PB 0x00000006d3400000| Untracked |  0
|  62|0x00000006d3800000, 0x00000006d3800000, 0x00000006d3c00000|  0%| F|  |TAMS 0x00000006d3800000| PB 0x00000006d3800000| Untracked |  0
|  63|0x00000006d3c00000, 0x00000006d3c00000, 0x00000006d4000000|  0%| F|  |TAMS 0x00000006d3c00000| PB 0x00000006d3c00000| Untracked |  0
|  64|0x00000006d4000000, 0x00000006d4000000, 0x00000006d4400000|  0%| F|  |TAMS 0x00000006d4000000| PB 0x00000006d4000000| Untracked |  0
|  65|0x00000006d4400000, 0x00000006d4400000, 0x00000006d4800000|  0%| F|  |TAMS 0x00000006d4400000| PB 0x00000006d4400000| Untracked |  0
|  66|0x00000006d4800000, 0x00000006d4800000, 0x00000006d4c00000|  0%| F|  |TAMS 0x00000006d4800000| PB 0x00000006d4800000| Untracked |  0
|  67|0x00000006d4c00000, 0x00000006d4c00000, 0x00000006d5000000|  0%| F|  |TAMS 0x00000006d4c00000| PB 0x00000006d4c00000| Untracked |  0
|  68|0x00000006d5000000, 0x00000006d5000000, 0x00000006d5400000|  0%| F|  |TAMS 0x00000006d5000000| PB 0x00000006d5000000| Untracked |  0
|  69|0x00000006d5400000, 0x00000006d5400000, 0x00000006d5800000|  0%| F|  |TAMS 0x00000006d5400000| PB 0x00000006d5400000| Untracked |  0
|  70|0x00000006d5800000, 0x00000006d5800000, 0x00000006d5c00000|  0%| F|  |TAMS 0x00000006d5800000| PB 0x00000006d5800000| Untracked |  0
|  71|0x00000006d5c00000, 0x00000006d5e4f0f8, 0x00000006d6000000| 57%| S|CS|TAMS 0x00000006d5c00000| PB 0x00000006d5c00000| Complete |  0
|  72|0x00000006d6000000, 0x00000006d62fc290, 0x00000006d6400000| 74%| E|  |TAMS 0x00000006d6000000| PB 0x00000006d6000000| Complete |  0
|  73|0x00000006d6400000, 0x00000006d6800000, 0x00000006d6800000|100%| E|CS|TAMS 0x00000006d6400000| PB 0x00000006d6400000| Complete |  0
|  74|0x00000006d6800000, 0x00000006d6c00000, 0x00000006d6c00000|100%| E|CS|TAMS 0x00000006d6800000| PB 0x00000006d6800000| Complete |  0
|  75|0x00000006d6c00000, 0x00000006d7000000, 0x00000006d7000000|100%| E|CS|TAMS 0x00000006d6c00000| PB 0x00000006d6c00000| Complete |  0
|  76|0x00000006d7000000, 0x00000006d7400000, 0x00000006d7400000|100%| E|CS|TAMS 0x00000006d7000000| PB 0x00000006d7000000| Complete |  0
|  77|0x00000006d7400000, 0x00000006d7800000, 0x00000006d7800000|100%| E|CS|TAMS 0x00000006d7400000| PB 0x00000006d7400000| Complete |  0
|  78|0x00000006d7800000, 0x00000006d7c00000, 0x00000006d7c00000|100%| E|CS|TAMS 0x00000006d7800000| PB 0x00000006d7800000| Complete |  0
|1263|0x00000007ffc00000, 0x00000007ffd1c318, 0x0000000800000000| 27%| O|  |TAMS 0x00000007ffc00000| PB 0x00000007ffc00000| Untracked |  0

Card table byte_map: [0x000001ddf4ee0000,0x000001ddf58c0000] _byte_map_base: 0x000001ddf18c0000

Marking Bits: (CMBitMap*) 0x000001ddeba74cf0
 Bits: [0x000001ddf58c0000, 0x000001ddfa7c0000)

Polling page: 0x000001dde97c0000

Metaspace:

Usage:
  Non-class:      9.87 MB used.
      Class:      1.29 MB used.
       Both:     11.16 MB used.

Virtual space:
  Non-class space:       64.00 MB reserved,      10.06 MB ( 16%) committed,  1 nodes.
      Class space:        1.00 GB reserved,       1.38 MB ( <1%) committed,  1 nodes.
             Both:        1.06 GB reserved,      11.44 MB (  1%) committed. 

Chunk freelists:
   Non-Class:  5.48 MB
       Class:  14.53 MB
        Both:  20.02 MB

MaxMetaspaceSize: unlimited
CompressedClassSpaceSize: 1.00 GB
Initial GC threshold: 21.00 MB
Current GC threshold: 21.00 MB
CDS: on
 - commit_granule_bytes: 65536.
 - commit_granule_words: 8192.
 - virtual_space_node_default_size: 8388608.
 - enlarge_chunks_in_place: 1.
UseCompressedClassPointers 1, UseCompactObjectHeaders 0
Narrow klass pointer bits 32, Max shift 3
Narrow klass base: 0x000001dd8f000000, Narrow klass shift: 0
Encoding Range: [0x000001dd8f000000 - 0x000001de8f000000), (4294967296 bytes)
Klass Range:    [0x000001dd8f000000 - 0x000001ddd0000000), (1090519040 bytes)
Klass ID Range:  [8 - 1090519033) (1090519025)


Internal statistics:

num_allocs_failed_limit: 0.
num_arena_births: 232.
num_arena_deaths: 0.
num_vsnodes_births: 2.
num_vsnodes_deaths: 0.
num_space_committed: 183.
num_space_uncommitted: 0.
num_chunks_returned_to_freelist: 0.
num_chunks_taken_from_freelist: 534.
num_chunk_merges: 0.
num_chunk_splits: 363.
num_chunks_enlarged: 269.
num_inconsistent_stats: 0.

CodeHeap 'non-profiled nmethods': size=120064Kb used=619Kb max_used=619Kb free=119444Kb
 bounds [0x000001dd87ac0000, 0x000001dd87d30000, 0x000001dd8f000000]
CodeHeap 'profiled nmethods': size=120000Kb used=2936Kb max_used=2936Kb free=117063Kb
 bounds [0x000001dd80000000, 0x000001dd802e0000, 0x000001dd87530000]
CodeHeap 'non-nmethods': size=5696Kb used=1588Kb max_used=1617Kb free=4107Kb
 bounds [0x000001dd87530000, 0x000001dd877a0000, 0x000001dd87ac0000]
CodeCache: size=245760Kb, used=5143Kb, max_used=5172Kb, free=240614Kb
 total_blobs=2509, nmethods=1895, adapters=518, full_count=0
Compilation: enabled, stopped_count=0, restarted_count=0

Compilation events (20 events):
Event: 1.629 Thread 0x000001ddfccaf470 1822       3       java.lang.CharacterDataLatin1::isUpperCase (16 bytes)
Event: 1.630 Thread 0x000001ddfccaf470 nmethod 1822 0x000001dd802b9b08 code [0x000001dd802b9c20, 0x000001dd802b9e18]
Event: 1.630 Thread 0x000001ddfccaf470 1823       3       jdk.internal.loader.AbstractClassLoaderValue$Sub::hashCode (19 bytes)
Event: 1.630 Thread 0x000001ddfccaf470 nmethod 1823 0x000001dd802b9e88 code [0x000001dd802b9fc0, 0x000001dd802ba3b8]
Event: 1.630 Thread 0x000001ddfccaf470 1825       3       sun.reflect.generics.parser.SignatureParser::parsePackageNameAndSimpleClassTypeSignature (119 bytes)
Event: 1.630 Thread 0x000001ddfccaf470 nmethod 1825 0x000001dd802ba408 code [0x000001dd802ba680, 0x000001dd802bb410]
Event: 1.631 Thread 0x000001ddfccaf470 1826   !   3       sun.reflect.annotation.AnnotationParser::parseAnnotation2 (275 bytes)
Event: 1.631 Thread 0x000001ddfccaf470 nmethod 1826 0x000001dd802bb488 code [0x000001dd802bb7c0, 0x000001dd802bce70]
Event: 1.632 Thread 0x000001ddfccaf470 1824       3       sun.reflect.generics.parser.SignatureParser::parseClassTypeSignature (118 bytes)
Event: 1.632 Thread 0x000001ddd41a1b70 1829       4       java.lang.CharacterDataLatin1::isWhitespace (23 bytes)
Event: 1.632 Thread 0x000001ddfccaf470 nmethod 1824 0x000001dd802bcf08 code [0x000001dd802bd220, 0x000001dd802be8f8]
Event: 1.632 Thread 0x000001ddfccaf470 1828   !   3       jdk.internal.loader.AbstractClassLoaderValue::computeIfAbsent (113 bytes)
Event: 1.633 Thread 0x000001ddd41a1b70 nmethod 1829 0x000001dd87b56008 code [0x000001dd87b56100, 0x000001dd87b561c8]
Event: 1.633 Thread 0x000001ddfccaf470 nmethod 1828 0x000001dd802be988 code [0x000001dd802bebc0, 0x000001dd802bfb90]
Event: 1.633 Thread 0x000001ddfccaf470 1827       3       java.lang.Class::isAnnotation (17 bytes)
Event: 1.633 Thread 0x000001ddfccaf470 nmethod 1827 0x000001dd802bfc88 code [0x000001dd802bfda0, 0x000001dd802bffa8]
Event: 1.633 Thread 0x000001ddfccaf470 1830       3       java.util.HashSet::size (8 bytes)
Event: 1.634 Thread 0x000001ddfccaf470 nmethod 1830 0x000001dd802c0008 code [0x000001dd802c0120, 0x000001dd802c02d0]
Event: 1.636 Thread 0x000001ddfccaf470 1831       3       com.sun.javafx.fxml.BeanAdapter::getType (31 bytes)
Event: 1.636 Thread 0x000001ddfccaf470 nmethod 1831 0x000001dd802c0308 code [0x000001dd802c0460, 0x000001dd802c07a0]

GC Heap History (2 events):
Event: 1.136 GC heap before
{Heap before GC invocations=0 (full 0):
 garbage-first heap   total reserved 5177344K, committed 327680K, used 25712K [0x00000006c4000000, 0x0000000800000000)
  region size 4096K, 7 young (28672K), 0 survivors (0K)
 Metaspace       used 6323K, committed 6528K, reserved 1114112K
  class space    used 591K, committed 704K, reserved 1048576K
}
Event: 1.139 GC heap after
{Heap after GC invocations=1 (full 0):
 garbage-first heap   total reserved 5177344K, committed 327680K, used 3501K [0x00000006c4000000, 0x0000000800000000)
  region size 4096K, 1 young (4096K), 1 survivors (4096K)
 Metaspace       used 6323K, committed 6528K, reserved 1114112K
  class space    used 591K, committed 704K, reserved 1048576K
}

Dll operation events (20 events):
Event: 0.720 Loaded shared library C:\Users\Dell\.openjfx\cache\13\api-ms-win-crt-heap-l1-1-0.dll
Event: 0.724 Loaded shared library C:\Users\Dell\.openjfx\cache\13\api-ms-win-crt-locale-l1-1-0.dll
Event: 0.728 Loaded shared library C:\Users\Dell\.openjfx\cache\13\api-ms-win-crt-math-l1-1-0.dll
Event: 0.733 Loaded shared library C:\Users\Dell\.openjfx\cache\13\api-ms-win-crt-multibyte-l1-1-0.dll
Event: 0.736 Loaded shared library C:\Users\Dell\.openjfx\cache\13\api-ms-win-crt-private-l1-1-0.dll
Event: 0.739 Loaded shared library C:\Users\Dell\.openjfx\cache\13\api-ms-win-crt-process-l1-1-0.dll
Event: 0.743 Loaded shared library C:\Users\Dell\.openjfx\cache\13\api-ms-win-crt-runtime-l1-1-0.dll
Event: 0.746 Loaded shared library C:\Users\Dell\.openjfx\cache\13\api-ms-win-crt-stdio-l1-1-0.dll
Event: 0.750 Loaded shared library C:\Users\Dell\.openjfx\cache\13\api-ms-win-crt-string-l1-1-0.dll
Event: 0.753 Loaded shared library C:\Users\Dell\.openjfx\cache\13\api-ms-win-crt-time-l1-1-0.dll
Event: 0.757 Loaded shared library C:\Users\Dell\.openjfx\cache\13\api-ms-win-crt-utility-l1-1-0.dll
Event: 0.774 Loaded shared library C:\Users\Dell\.openjfx\cache\13\ucrtbase.dll
Event: 0.779 Loaded shared library C:\Users\Dell\.openjfx\cache\13\vcruntime140.dll
Event: 0.787 Loaded shared library C:\Users\Dell\.openjfx\cache\13\msvcp140.dll
Event: 0.794 Loaded shared library C:\Users\Dell\.openjfx\cache\13\concrt140.dll
Event: 0.863 Loaded shared library C:\Users\Dell\.openjfx\cache\13\prism_d3d.dll
Event: 0.907 Loaded shared library C:\Users\Dell\.openjfx\cache\13\glass.dll
Event: 1.038 Loaded shared library C:\Program Files\Apache NetBeans\jdk\bin\jimage.dll
Event: 1.240 Loaded shared library C:\Users\Dell\.openjfx\cache\13\javafx_iio.dll
Event: 1.287 Loaded shared library C:\Users\Dell\.openjfx\cache\13\javafx_font.dll

Deoptimization events (20 events):
Event: 1.520 Thread 0x000001ddd4df5e30 Uncommon trap: trap_request=0xffffffde fr.pc=0x000001dd87b479dc relative=0x000000000000029c
Event: 1.520 Thread 0x000001ddd4df5e30 Uncommon trap: reason=class_check action=maybe_recompile pc=0x000001dd87b479dc method=java.util.HashMap.getNode(Ljava/lang/Object;)Ljava/util/HashMap$Node; @ 128 c2
Event: 1.520 Thread 0x000001ddd4df5e30 DEOPT PACKING pc=0x000001dd87b479dc sp=0x000000cfe00fce00
Event: 1.520 Thread 0x000001ddd4df5e30 DEOPT UNPACKING pc=0x000001dd87653082 sp=0x000000cfe00fcd08 mode 2
Event: 1.520 Thread 0x000001ddd4df5e30 Uncommon trap: trap_request=0xffffffde fr.pc=0x000001dd87b440e0 relative=0x00000000000002a0
Event: 1.520 Thread 0x000001ddd4df5e30 Uncommon trap: reason=class_check action=maybe_recompile pc=0x000001dd87b440e0 method=java.util.HashMap.getNode(Ljava/lang/Object;)Ljava/util/HashMap$Node; @ 128 c2
Event: 1.520 Thread 0x000001ddd4df5e30 DEOPT PACKING pc=0x000001dd87b440e0 sp=0x000000cfe00fcd90
Event: 1.520 Thread 0x000001ddd4df5e30 DEOPT UNPACKING pc=0x000001dd87653082 sp=0x000000cfe00fcd08 mode 2
Event: 1.520 Thread 0x000001ddd4df5e30 Uncommon trap: trap_request=0xffffff4d fr.pc=0x000001dd87b357e4 relative=0x00000000000005e4
Event: 1.520 Thread 0x000001ddd4df5e30 Uncommon trap: reason=unstable_if action=reinterpret pc=0x000001dd87b357e4 method=java.util.HashMap.putVal(ILjava/lang/Object;Ljava/lang/Object;ZZ)Ljava/lang/Object; @ 162 c2
Event: 1.520 Thread 0x000001ddd4df5e30 DEOPT PACKING pc=0x000001dd87b357e4 sp=0x000000cfe00fcd20
Event: 1.520 Thread 0x000001ddd4df5e30 DEOPT UNPACKING pc=0x000001dd87653082 sp=0x000000cfe00fcc90 mode 2
Event: 1.528 Thread 0x000001ddd4df5e30 Uncommon trap: trap_request=0xffffff4d fr.pc=0x000001dd87b495e8 relative=0x0000000000000208
Event: 1.528 Thread 0x000001ddd4df5e30 Uncommon trap: reason=unstable_if action=reinterpret pc=0x000001dd87b495e8 method=java.util.HashMap.getNode(Ljava/lang/Object;)Ljava/util/HashMap$Node; @ 131 c2
Event: 1.529 Thread 0x000001ddd4df5e30 DEOPT PACKING pc=0x000001dd87b495e8 sp=0x000000cfe00fce00
Event: 1.529 Thread 0x000001ddd4df5e30 DEOPT UNPACKING pc=0x000001dd87653082 sp=0x000000cfe00fcd10 mode 2
Event: 1.529 Thread 0x000001ddd4df5e30 Uncommon trap: trap_request=0xffffff4d fr.pc=0x000001dd87b49ad0 relative=0x00000000000001f0
Event: 1.529 Thread 0x000001ddd4df5e30 Uncommon trap: reason=unstable_if action=reinterpret pc=0x000001dd87b49ad0 method=java.util.HashMap.getNode(Ljava/lang/Object;)Ljava/util/HashMap$Node; @ 131 c2
Event: 1.529 Thread 0x000001ddd4df5e30 DEOPT PACKING pc=0x000001dd87b49ad0 sp=0x000000cfe00fcd90
Event: 1.529 Thread 0x000001ddd4df5e30 DEOPT UNPACKING pc=0x000001dd87653082 sp=0x000000cfe00fcd10 mode 2

Classes loaded (20 events):
Event: 1.507 Loading class java/util/AbstractList$RandomAccessSubList
Event: 1.507 Loading class java/util/AbstractList$SubList
Event: 1.507 Loading class java/util/AbstractList$SubList done
Event: 1.507 Loading class java/util/AbstractList$RandomAccessSubList done
Event: 1.507 Loading class java/util/AbstractList$SubList$1
Event: 1.507 Loading class java/util/AbstractList$SubList$1 done
Event: 1.507 Loading class java/util/AbstractList$ListItr
Event: 1.508 Loading class java/util/AbstractList$ListItr done
Event: 1.544 Loading class java/util/WeakHashMap$Values
Event: 1.545 Loading class java/util/WeakHashMap$Values done
Event: 1.545 Loading class java/util/WeakHashMap$ValueIterator
Event: 1.545 Loading class java/util/WeakHashMap$ValueIterator done
Event: 1.548 Loading class java/lang/CloneNotSupportedException
Event: 1.548 Loading class java/lang/CloneNotSupportedException done
Event: 1.561 Loading class java/lang/annotation/Documented
Event: 1.561 Loading class java/lang/annotation/Documented done
Event: 1.564 Loading class java/lang/Class$AnnotationData
Event: 1.564 Loading class java/lang/Class$AnnotationData done
Event: 1.595 Loading class java/lang/invoke/MethodHandle$1
Event: 1.595 Loading class java/lang/invoke/MethodHandle$1 done

Classes unloaded (0 events):
No events

Classes redefined (0 events):
No events

Internal exceptions (20 events):
Event: 1.236 Thread 0x000001ddd4df5e30 Exception <a 'java/io/IOException'{0x00000006d76b6360}> (0x00000006d76b6360) 
thrown [s\src\hotspot\share\prims\jni.cpp, line 518]
Event: 1.253 Thread 0x000001ddd4df5e30 Exception <a 'java/lang/NoSuchMethodError'{0x00000006d77fda18}: 'void java.lang.invoke.DirectMethodHandle$Holder.invokeSpecial(java.lang.Object, java.lang.Object, double)'> (0x00000006d77fda18) 
thrown [s\src\hotspot\share\interpreter\linkResolver.cpp, line 805]
Event: 1.255 Thread 0x000001ddd4df5e30 Exception <a 'java/lang/NoSuchMethodError'{0x00000006d70170e8}: 'double java.lang.invoke.DelegatingMethodHandle$Holder.reinvoke_L(java.lang.Object, java.lang.Object, int)'> (0x00000006d70170e8) 
thrown [s\src\hotspot\share\interpreter\linkResolver.cpp, line 805]
Event: 1.257 Thread 0x000001ddd4df5e30 Exception <a 'java/lang/NoSuchMethodError'{0x00000006d702ea28}: 'java.lang.Object java.lang.invoke.DirectMethodHandle$Holder.invokeStatic(java.lang.Object, java.lang.Object, java.lang.Object, java.lang.Object, int)'> (0x00000006d702ea28) 
thrown [s\src\hotspot\share\interpreter\linkResolver.cpp, line 805]
Event: 1.258 Thread 0x000001ddd4df5e30 Exception <a 'java/lang/NoSuchMethodError'{0x00000006d7047c60}: 'void java.lang.invoke.DelegatingMethodHandle$Holder.reinvoke_L(java.lang.Object, java.lang.Object, double)'> (0x00000006d7047c60) 
thrown [s\src\hotspot\share\interpreter\linkResolver.cpp, line 805]
Event: 1.261 Thread 0x000001ddd4df5e30 Exception <a 'java/lang/NoSuchMethodError'{0x00000006d70720e8}: 'void java.lang.invoke.DirectMethodHandle$Holder.invokeSpecial(java.lang.Object, java.lang.Object, int)'> (0x00000006d70720e8) 
thrown [s\src\hotspot\share\interpreter\linkResolver.cpp, line 805]
Event: 1.262 Thread 0x000001ddd4df5e30 Exception <a 'java/lang/NoSuchMethodError'{0x00000006d708b0d0}: 'void java.lang.invoke.DelegatingMethodHandle$Holder.reinvoke_L(java.lang.Object, java.lang.Object, int)'> (0x00000006d708b0d0) 
thrown [s\src\hotspot\share\interpreter\linkResolver.cpp, line 805]
Event: 1.262 Thread 0x000001ddd4df5e30 Exception <a 'java/lang/NoSuchMethodError'{0x00000006d709bb08}: 'int java.lang.invoke.DirectMethodHandle$Holder.invokeSpecial(java.lang.Object, java.lang.Object, java.lang.Object)'> (0x00000006d709bb08) 
thrown [s\src\hotspot\share\interpreter\linkResolver.cpp, line 805]
Event: 1.284 Thread 0x000001ddd4df5e30 Exception <a 'java/io/IOException'{0x00000006d7203848}> (0x00000006d7203848) 
thrown [s\src\hotspot\share\prims\jni.cpp, line 518]
Event: 1.294 Thread 0x000001ddd4df5e30 Exception <a 'sun/nio/fs/WindowsException'{0x00000006d727f3e8}> (0x00000006d727f3e8) 
thrown [s\src\hotspot\share\prims\jni.cpp, line 518]
Event: 1.333 Thread 0x000001ddd4df5e30 Exception <a 'java/lang/NoSuchMethodError'{0x00000006d6c443b0}: 'java.lang.Object java.lang.invoke.DelegatingMethodHandle$Holder.reinvoke_L(java.lang.Object, double, double, double, double)'> (0x00000006d6c443b0) 
thrown [s\src\hotspot\share\interpreter\linkResolver.cpp, line 805]
Event: 1.336 Thread 0x000001ddd4df5e30 Exception <a 'java/lang/NoSuchMethodError'{0x00000006d6c59040}: 'java.lang.Object java.lang.invoke.DirectMethodHandle$Holder.invokeStatic(java.lang.Object, java.lang.Object, int)'> (0x00000006d6c59040) 
thrown [s\src\hotspot\share\interpreter\linkResolver.cpp, line 805]
Event: 1.338 Thread 0x000001ddd4df5e30 Exception <a 'java/lang/NoSuchMethodError'{0x00000006d6c61740}: 'void java.lang.invoke.DirectMethodHandle$Holder.invokeStatic(java.lang.Object, java.lang.Object, int, java.lang.Object)'> (0x00000006d6c61740) 
thrown [s\src\hotspot\share\interpreter\linkResolver.cpp, line 805]
Event: 1.339 Thread 0x000001ddd4df5e30 Exception <a 'java/lang/NoSuchMethodError'{0x00000006d6c718d0}: 'void java.lang.invoke.DelegatingMethodHandle$Holder.delegate(java.lang.Object, java.lang.Object, int, java.lang.Object)'> (0x00000006d6c718d0) 
thrown [s\src\hotspot\share\interpreter\linkResolver.cpp, line 805]
Event: 1.341 Thread 0x000001ddd4df5e30 Exception <a 'java/lang/NoSuchMethodError'{0x00000006d6c84348}: 'java.lang.Object java.lang.invoke.DirectMethodHandle$Holder.newInvokeSpecial(java.lang.Object, double, java.lang.Object)'> (0x00000006d6c84348) 
thrown [s\src\hotspot\share\interpreter\linkResolver.cpp, line 805]
Event: 1.342 Thread 0x000001ddd4df5e30 Exception <a 'java/lang/NoSuchMethodError'{0x00000006d6c8d0f0}: 'java.lang.Object java.lang.invoke.DelegatingMethodHandle$Holder.reinvoke_L(java.lang.Object, double, java.lang.Object)'> (0x00000006d6c8d0f0) 
thrown [s\src\hotspot\share\interpreter\linkResolver.cpp, line 805]
Event: 1.345 Thread 0x000001ddd4df5e30 Exception <a 'java/lang/NoSuchMethodError'{0x00000006d6cc0418}: 'java.lang.Object java.lang.invoke.DelegatingMethodHandle$Holder.reinvoke_L(java.lang.Object, double, double, double, double, int, java.lang.Object, java.lang.Object)'> (0x00000006d6cc0418) 
thrown [s\src\hotspot\share\interpreter\linkResolver.cpp, line 805]
Event: 1.350 Thread 0x000001ddd4df5e30 Exception <a 'java/lang/NoSuchMethodError'{0x00000006d6d04ec8}: 'java.lang.Object java.lang.invoke.DirectMethodHandle$Holder.invokeStatic(java.lang.Object, java.lang.Object, java.lang.Object, java.lang.Object, java.lang.Object, java.lang.Object, java.lang.Object, java.lang.Object)'> (0x00000006d6d04ec8) 
thrown [s\src\hotspot\share\interpreter\linkResolver.cpp, line 805]
Event: 1.546 Thread 0x000001ddd4df5e30 Exception <a 'java/lang/NoSuchMethodError'{0x00000006d640f090}: 'void java.lang.invoke.DirectMethodHandle$Holder.invokeStaticInit(java.lang.Object, java.lang.Object)'> (0x00000006d640f090) 
thrown [s\src\hotspot\share\interpreter\linkResolver.cpp, line 805]
Event: 1.585 Thread 0x000001ddd4df5e30 Exception <a 'java/lang/NoSuchMethodError'{0x00000006d6570508}: 'void java.lang.invoke.Invokers$Holder.invokeExact_MT(java.lang.Object, java.lang.Object, java.lang.Object, java.lang.Object)'> (0x00000006d6570508) 
thrown [s\src\hotspot\share\interpreter\linkResolver.cpp, line 805]

VM Operations (20 events):
Event: 0.374 Executing VM operation: HandshakeAllThreads (Deoptimize)
Event: 0.374 Executing VM operation: HandshakeAllThreads (Deoptimize) done
Event: 0.374 Executing VM operation: HandshakeAllThreads (Deoptimize)
Event: 0.374 Executing VM operation: HandshakeAllThreads (Deoptimize) done
Event: 0.464 Executing VM operation: HandshakeAllThreads (Deoptimize)
Event: 0.464 Executing VM operation: HandshakeAllThreads (Deoptimize) done
Event: 0.899 Executing VM operation: HandshakeAllThreads (Deoptimize)
Event: 0.899 Executing VM operation: HandshakeAllThreads (Deoptimize) done
Event: 1.136 Executing VM operation: G1CollectForAllocation (G1 Evacuation Pause)
Event: 1.139 Executing VM operation: G1CollectForAllocation (G1 Evacuation Pause) done
Event: 1.205 Executing VM operation: HandshakeAllThreads (Deoptimize)
Event: 1.205 Executing VM operation: HandshakeAllThreads (Deoptimize) done
Event: 1.320 Executing VM operation: HandshakeAllThreads (Deoptimize)
Event: 1.320 Executing VM operation: HandshakeAllThreads (Deoptimize) done
Event: 1.330 Executing VM operation: HandshakeAllThreads (Deoptimize)
Event: 1.330 Executing VM operation: HandshakeAllThreads (Deoptimize) done
Event: 1.335 Executing VM operation: HandshakeAllThreads (Deoptimize)
Event: 1.335 Executing VM operation: HandshakeAllThreads (Deoptimize) done
Event: 1.487 Executing VM operation: HandshakeAllThreads (Deoptimize)
Event: 1.487 Executing VM operation: HandshakeAllThreads (Deoptimize) done

Memory protections (0 events):
No events

Nmethod flushes (0 events):
No events

Events (18 events):
Event: 0.041 Thread 0x000001dde9546280 Thread added: 0x000001dde9546280
Event: 0.055 Thread 0x000001dde9546280 Thread added: 0x000001ddfcc6f9a0
Event: 0.055 Thread 0x000001dde9546280 Thread added: 0x000001ddfcc76260
Event: 0.056 Thread 0x000001dde9546280 Thread added: 0x000001ddfcc7b200
Event: 0.056 Thread 0x000001dde9546280 Thread added: 0x000001ddfcc7c1d0
Event: 0.056 Thread 0x000001dde9546280 Thread added: 0x000001ddfcc7cdf0
Event: 0.056 Thread 0x000001dde9546280 Thread added: 0x000001ddfcc81140
Event: 0.056 Thread 0x000001dde9546280 Thread added: 0x000001ddfcc7f050
Event: 0.056 Thread 0x000001dde9546280 Thread added: 0x000001ddfccaf470
Event: 0.092 Thread 0x000001dde9546280 Thread added: 0x000001ddd4082110
Event: 0.213 Thread 0x000001ddfccaf470 Thread added: 0x000001ddd41a1b70
Event: 0.406 Thread 0x000001dde9546280 Thread added: 0x000001ddd434a340
Event: 0.836 Thread 0x000001dde9546280 Thread added: 0x000001ddd4c1f080
Event: 0.909 Thread 0x000001dde9546280 Thread added: 0x000001ddd4df56f0
Event: 0.915 Thread 0x000001dde9546280 Thread added: 0x000001ddd4df5e30
Event: 1.001 Thread 0x000001dde9546280 Thread added: 0x000001ddd4b737c0
Event: 1.005 Thread 0x000001ddd4b77b80 Thread added: 0x000001ddd4b77b80
Event: 1.308 Thread 0x000001ddd4df5e30 Thread added: 0x000001ddd4f82eb0


Dynamic libraries:
0x00007ff653fb0000 - 0x00007ff653fbe000 	C:\Program Files\Apache NetBeans\jdk\bin\java.exe
0x00007ffb8ccc0000 - 0x00007ffb8cf27000 	C:\WINDOWS\SYSTEM32\ntdll.dll
0x00007ffb8b640000 - 0x00007ffb8b709000 	C:\WINDOWS\System32\KERNEL32.DLL
0x00007ffb8a140000 - 0x00007ffb8a52f000 	C:\WINDOWS\System32\KERNELBASE.dll
0x00007ffb89ff0000 - 0x00007ffb8a13b000 	C:\WINDOWS\System32\ucrtbase.dll
0x00007ffb49e70000 - 0x00007ffb49e86000 	C:\Program Files\Apache NetBeans\jdk\bin\jli.dll
0x00007ffb4e240000 - 0x00007ffb4e25e000 	C:\Program Files\Apache NetBeans\jdk\bin\VCRUNTIME140.dll
0x00007ffb8bcc0000 - 0x00007ffb8be85000 	C:\WINDOWS\System32\USER32.dll
0x00007ffb8a740000 - 0x00007ffb8a767000 	C:\WINDOWS\System32\win32u.dll
0x00007ffb6d6e0000 - 0x00007ffb6d973000 	C:\WINDOWS\WinSxS\amd64_microsoft.windows.common-controls_6595b64144ccf1df_6.0.26100.7309_none_3e05feeae336a044\COMCTL32.dll
0x00007ffb8ada0000 - 0x00007ffb8adcb000 	C:\WINDOWS\System32\GDI32.dll
0x00007ffb8ae50000 - 0x00007ffb8aef9000 	C:\WINDOWS\System32\msvcrt.dll
0x00007ffb89e10000 - 0x00007ffb89f3c000 	C:\WINDOWS\System32\gdi32full.dll
0x00007ffb89f40000 - 0x00007ffb89fe3000 	C:\WINDOWS\System32\msvcp_win.dll
0x00007ffb8b710000 - 0x00007ffb8b741000 	C:\WINDOWS\System32\IMM32.DLL
0x00007ffb846f0000 - 0x00007ffb846fc000 	C:\Program Files\Apache NetBeans\jdk\bin\vcruntime140_1.dll
0x00007ffb471d0000 - 0x00007ffb4725d000 	C:\Program Files\Apache NetBeans\jdk\bin\msvcp140.dll
0x00007ffaeb9a0000 - 0x00007ffaec81c000 	C:\Program Files\Apache NetBeans\jdk\bin\server\jvm.dll
0x00007ffb8ac40000 - 0x00007ffb8acf4000 	C:\WINDOWS\System32\ADVAPI32.dll
0x00007ffb8c2f0000 - 0x00007ffb8c396000 	C:\WINDOWS\System32\sechost.dll
0x00007ffb8b520000 - 0x00007ffb8b638000 	C:\WINDOWS\System32\RPCRT4.dll
0x00007ffb8af00000 - 0x00007ffb8af74000 	C:\WINDOWS\System32\WS2_32.dll
0x00007ffb89c70000 - 0x00007ffb89cce000 	C:\WINDOWS\SYSTEM32\POWRPROF.dll
0x00007ffb825d0000 - 0x00007ffb82605000 	C:\WINDOWS\SYSTEM32\WINMM.dll
0x00007ffb7a080000 - 0x00007ffb7a08b000 	C:\WINDOWS\SYSTEM32\VERSION.dll
0x00007ffb89c50000 - 0x00007ffb89c64000 	C:\WINDOWS\SYSTEM32\UMPDC.dll
0x00007ffb88bc0000 - 0x00007ffb88bdb000 	C:\WINDOWS\SYSTEM32\kernel.appcore.dll
0x00007ffb50830000 - 0x00007ffb5083a000 	C:\Program Files\Apache NetBeans\jdk\bin\jimage.dll
0x00007ffb87270000 - 0x00007ffb874b2000 	C:\WINDOWS\SYSTEM32\DBGHELP.DLL
0x00007ffb8b800000 - 0x00007ffb8bb85000 	C:\WINDOWS\System32\combase.dll
0x00007ffb8c210000 - 0x00007ffb8c2e6000 	C:\WINDOWS\System32\OLEAUT32.dll
0x00007ffb62e60000 - 0x00007ffb62e9c000 	C:\WINDOWS\SYSTEM32\dbgcore.DLL
0x00007ffb8a770000 - 0x00007ffb8a815000 	C:\WINDOWS\System32\bcryptPrimitives.dll
0x00007ffb4e220000 - 0x00007ffb4e23e000 	C:\Program Files\Apache NetBeans\jdk\bin\java.dll
0x00007ffb8c070000 - 0x00007ffb8c207000 	C:\WINDOWS\System32\ole32.dll
0x00007ffb8c3a0000 - 0x00007ffb8caf3000 	C:\WINDOWS\System32\SHELL32.dll
0x00007ffb8a540000 - 0x00007ffb8a6aa000 	C:\WINDOWS\System32\wintypes.dll
0x00007ffb879e0000 - 0x00007ffb8823e000 	C:\WINDOWS\SYSTEM32\windows.storage.dll
0x00007ffb8af90000 - 0x00007ffb8b085000 	C:\WINDOWS\System32\SHCORE.dll
0x00007ffb8bc50000 - 0x00007ffb8bcb6000 	C:\WINDOWS\System32\shlwapi.dll
0x00007ffb89d30000 - 0x00007ffb89d59000 	C:\WINDOWS\SYSTEM32\profapi.dll
0x00007ffaf8090000 - 0x00007ffaf8167000 	C:\Program Files\Apache NetBeans\jdk\bin\jsvml.dll
0x00007ffb4a440000 - 0x00007ffb4a450000 	C:\Program Files\Apache NetBeans\jdk\bin\net.dll
0x00007ffb89130000 - 0x00007ffb8919b000 	C:\WINDOWS\system32\mswsock.dll
0x00007ffb49e30000 - 0x00007ffb49e46000 	C:\Program Files\Apache NetBeans\jdk\bin\nio.dll
0x00007ffb49e50000 - 0x00007ffb49e67000 	C:\Program Files\Apache NetBeans\jdk\bin\zip.dll
0x000001ddd5d40000 - 0x000001ddd5d43000 	C:\Users\Dell\.openjfx\cache\13\api-ms-win-core-console-l1-1-0.dll
0x000001ddd5d50000 - 0x000001ddd5d53000 	C:\Users\Dell\.openjfx\cache\13\api-ms-win-core-datetime-l1-1-0.dll
0x000001ddd5d60000 - 0x000001ddd5d63000 	C:\Users\Dell\.openjfx\cache\13\api-ms-win-core-debug-l1-1-0.dll
0x000001ddd5d70000 - 0x000001ddd5d73000 	C:\Users\Dell\.openjfx\cache\13\api-ms-win-core-errorhandling-l1-1-0.dll
0x000001ddd5d80000 - 0x000001ddd5d84000 	C:\Users\Dell\.openjfx\cache\13\api-ms-win-core-file-l1-1-0.dll
0x000001ddd5d90000 - 0x000001ddd5d93000 	C:\Users\Dell\.openjfx\cache\13\api-ms-win-core-file-l1-2-0.dll
0x000001ddd5da0000 - 0x000001ddd5da3000 	C:\Users\Dell\.openjfx\cache\13\api-ms-win-core-file-l2-1-0.dll
0x000001ddd5db0000 - 0x000001ddd5db3000 	C:\Users\Dell\.openjfx\cache\13\api-ms-win-core-handle-l1-1-0.dll
0x000001ddd5dc0000 - 0x000001ddd5dc3000 	C:\Users\Dell\.openjfx\cache\13\api-ms-win-core-heap-l1-1-0.dll
0x000001ddd5dd0000 - 0x000001ddd5dd3000 	C:\Users\Dell\.openjfx\cache\13\api-ms-win-core-interlocked-l1-1-0.dll
0x000001ddd5de0000 - 0x000001ddd5de3000 	C:\Users\Dell\.openjfx\cache\13\api-ms-win-core-libraryloader-l1-1-0.dll
0x000001ddd5df0000 - 0x000001ddd5df3000 	C:\Users\Dell\.openjfx\cache\13\api-ms-win-core-localization-l1-2-0.dll
0x000001ddd5e00000 - 0x000001ddd5e03000 	C:\Users\Dell\.openjfx\cache\13\api-ms-win-core-memory-l1-1-0.dll
0x000001ddd5e10000 - 0x000001ddd5e13000 	C:\Users\Dell\.openjfx\cache\13\api-ms-win-core-namedpipe-l1-1-0.dll
0x000001ddd5e20000 - 0x000001ddd5e23000 	C:\Users\Dell\.openjfx\cache\13\api-ms-win-core-processenvironment-l1-1-0.dll
0x000001ddd5e30000 - 0x000001ddd5e33000 	C:\Users\Dell\.openjfx\cache\13\api-ms-win-core-processthreads-l1-1-0.dll
0x000001ddd5e40000 - 0x000001ddd5e43000 	C:\Users\Dell\.openjfx\cache\13\api-ms-win-core-processthreads-l1-1-1.dll
0x000001ddd5e50000 - 0x000001ddd5e53000 	C:\Users\Dell\.openjfx\cache\13\api-ms-win-core-profile-l1-1-0.dll
0x000001ddd5e60000 - 0x000001ddd5e63000 	C:\Users\Dell\.openjfx\cache\13\api-ms-win-core-rtlsupport-l1-1-0.dll
0x000001ddd5e70000 - 0x000001ddd5e73000 	C:\Users\Dell\.openjfx\cache\13\api-ms-win-core-string-l1-1-0.dll
0x000001ddd5e80000 - 0x000001ddd5e83000 	C:\Users\Dell\.openjfx\cache\13\api-ms-win-core-synch-l1-1-0.dll
0x000001ddd5e90000 - 0x000001ddd5e93000 	C:\Users\Dell\.openjfx\cache\13\api-ms-win-core-synch-l1-2-0.dll
0x000001ddd5ea0000 - 0x000001ddd5ea3000 	C:\Users\Dell\.openjfx\cache\13\api-ms-win-core-sysinfo-l1-1-0.dll
0x000001ddd5eb0000 - 0x000001ddd5eb3000 	C:\Users\Dell\.openjfx\cache\13\api-ms-win-core-timezone-l1-1-0.dll
0x000001ddd5ec0000 - 0x000001ddd5ec3000 	C:\Users\Dell\.openjfx\cache\13\api-ms-win-core-util-l1-1-0.dll
0x000001ddd5ed0000 - 0x000001ddd5ed3000 	C:\Users\Dell\.openjfx\cache\13\api-ms-win-crt-conio-l1-1-0.dll
0x000001ddd5ee0000 - 0x000001ddd5ee4000 	C:\Users\Dell\.openjfx\cache\13\api-ms-win-crt-convert-l1-1-0.dll
0x000001ddd5ef0000 - 0x000001ddd5ef3000 	C:\Users\Dell\.openjfx\cache\13\api-ms-win-crt-environment-l1-1-0.dll
0x000001ddd5f00000 - 0x000001ddd5f03000 	C:\Users\Dell\.openjfx\cache\13\api-ms-win-crt-filesystem-l1-1-0.dll
0x000001ddd5f10000 - 0x000001ddd5f13000 	C:\Users\Dell\.openjfx\cache\13\api-ms-win-crt-heap-l1-1-0.dll
0x000001ddd5f20000 - 0x000001ddd5f23000 	C:\Users\Dell\.openjfx\cache\13\api-ms-win-crt-locale-l1-1-0.dll
0x000001ddd5f30000 - 0x000001ddd5f35000 	C:\Users\Dell\.openjfx\cache\13\api-ms-win-crt-math-l1-1-0.dll
0x000001ddd5f40000 - 0x000001ddd5f45000 	C:\Users\Dell\.openjfx\cache\13\api-ms-win-crt-multibyte-l1-1-0.dll
0x000001ddd5f50000 - 0x000001ddd5f60000 	C:\Users\Dell\.openjfx\cache\13\api-ms-win-crt-private-l1-1-0.dll
0x000001ddd5f60000 - 0x000001ddd5f63000 	C:\Users\Dell\.openjfx\cache\13\api-ms-win-crt-process-l1-1-0.dll
0x000001ddd5f70000 - 0x000001ddd5f74000 	C:\Users\Dell\.openjfx\cache\13\api-ms-win-crt-runtime-l1-1-0.dll
0x000001ddd5f80000 - 0x000001ddd5f84000 	C:\Users\Dell\.openjfx\cache\13\api-ms-win-crt-stdio-l1-1-0.dll
0x000001ddd5f90000 - 0x000001ddd5f94000 	C:\Users\Dell\.openjfx\cache\13\api-ms-win-crt-string-l1-1-0.dll
0x000001ddd5fa0000 - 0x000001ddd5fa3000 	C:\Users\Dell\.openjfx\cache\13\api-ms-win-crt-time-l1-1-0.dll
0x000001ddd5fb0000 - 0x000001ddd5fb3000 	C:\Users\Dell\.openjfx\cache\13\api-ms-win-crt-utility-l1-1-0.dll
0x00007ffb35b40000 - 0x00007ffb35c3c000 	C:\Users\Dell\.openjfx\cache\13\ucrtbase.dll
0x00007ffb77f00000 - 0x00007ffb77f15000 	C:\Users\Dell\.openjfx\cache\13\vcruntime140.dll
0x00007ffb49100000 - 0x00007ffb4919b000 	C:\Users\Dell\.openjfx\cache\13\msvcp140.dll
0x00007ffb761a0000 - 0x00007ffb761f1000 	C:\Users\Dell\.openjfx\cache\13\concrt140.dll
0x00007ffb748d0000 - 0x00007ffb748f3000 	C:\Users\Dell\.openjfx\cache\13\prism_d3d.dll
0x00007ffab7840000 - 0x00007ffab79f3000 	C:\WINDOWS\system32\d3d9.dll
0x00007ffb86e60000 - 0x00007ffb86e90000 	C:\WINDOWS\SYSTEM32\dwmapi.dll
0x00007ffb86cb0000 - 0x00007ffb86cf4000 	C:\WINDOWS\SYSTEM32\dxcore.dll
0x00007ffb86bd0000 - 0x00007ffb86c7b000 	C:\WINDOWS\system32\uxtheme.dll
0x00007ffaf1c20000 - 0x00007ffaf1ebf000 	C:\WINDOWS\System32\DriverStore\FileRepository\iigd_dch.inf_amd64_d71a22cbbfee3077\igdumdim64.dll
0x00007ffaedac0000 - 0x00007ffaef22b000 	C:\WINDOWS\System32\DriverStore\FileRepository\iigd_dch.inf_amd64_d71a22cbbfee3077\igd9dxva64.dll
0x00007ffb8b090000 - 0x00007ffb8b51a000 	C:\WINDOWS\System32\SETUPAPI.dll
0x00007ffb89950000 - 0x00007ffb899a7000 	C:\WINDOWS\SYSTEM32\cfgmgr32.dll
0x00007ffb31850000 - 0x00007ffb33923000 	C:\WINDOWS\System32\DriverStore\FileRepository\iigd_dch.inf_amd64_d71a22cbbfee3077\media_bin_64.dll
0x00007ffb81ea0000 - 0x00007ffb8244b000 	C:\WINDOWS\System32\DriverStore\FileRepository\iigd_dch.inf_amd64_d71a22cbbfee3077\igdgmm64.dll
0x00007ffb84500000 - 0x00007ffb84563000 	C:\WINDOWS\SYSTEM32\directxdatabasehelper.dll
0x00007ffb726c0000 - 0x00007ffb72705000 	C:\Users\Dell\.openjfx\cache\13\glass.dll
0x00007ffb8cb60000 - 0x00007ffb8cc50000 	C:\WINDOWS\System32\COMDLG32.dll
0x00007ffb8aac0000 - 0x00007ffb8ac1e000 	C:\WINDOWS\System32\MSCTF.dll
0x00007ffb747e0000 - 0x00007ffb7480c000 	C:\Users\Dell\.openjfx\cache\13\javafx_iio.dll
0x00007ffb77620000 - 0x00007ffb77634000 	C:\Users\Dell\.openjfx\cache\13\javafx_font.dll
0x00007ffb85560000 - 0x00007ffb857c7000 	C:\WINDOWS\SYSTEM32\dwrite.dll

JVMTI agents: none

dbghelp: loaded successfully - version: 4.0.5 - missing functions: none
symbol engine: initialized successfully - sym options: 0x614 - pdb path: .;C:\Program Files\Apache NetBeans\jdk\bin;C:\WINDOWS\SYSTEM32;C:\WINDOWS\WinSxS\amd64_microsoft.windows.common-controls_6595b64144ccf1df_6.0.26100.7309_none_3e05feeae336a044;C:\Program Files\Apache NetBeans\jdk\bin\server;C:\Users\Dell\.openjfx\cache\13;C:\WINDOWS\System32\DriverStore\FileRepository\iigd_dch.inf_amd64_d71a22cbbfee3077

VM Arguments:
jvm_args: --module-path=C:\Users\Dell\OneDrive\Documents\NetBeansProjects\hcj_car_rentsystem\target\classes;C:\Users\Dell\.m2\repository\org\openjfx\javafx-base\13\javafx-base-13-win.jar;C:\Users\Dell\.m2\repository\org\openjfx\javafx-controls\13\javafx-controls-13-win.jar;C:\Users\Dell\.m2\repository\org\openjfx\javafx-fxml\13\javafx-fxml-13-win.jar;C:\Users\Dell\.m2\repository\org\openjfx\javafx-graphics\13\javafx-graphics-13-win.jar --add-modules=lk.ijse.hcj_car_rentsystem -Djdk.module.main=lk.ijse.hcj_car_rentsystem 
java_command: lk.ijse.hcj_car_rentsystem/lk.ijse.hcj_car_rentsystem.App
java_class_path (initial): C:\Users\Dell\OneDrive\Documents\NetBeansProjects\hcj_car_rentsystem\target\classes;C:\Users\Dell\.m2\repository\com\google\protobuf\protobuf-java\4.31.1\protobuf-java-4.31.1.jar;C:\Users\Dell\.m2\repository\com\mysql\mysql-connector-j\9.5.0\mysql-connector-j-9.5.0.jar;C:\Users\Dell\.m2\repository\org\openjfx\javafx-base\13\javafx-base-13.jar;C:\Users\Dell\.m2\repository\org\openjfx\javafx-controls\13\javafx-controls-13.jar;C:\Users\Dell\.m2\repository\org\openjfx\javafx-fxml\13\javafx-fxml-13.jar;C:\Users\Dell\.m2\repository\org\openjfx\javafx-graphics\13\javafx-graphics-13.jar
Launcher Type: SUN_STANDARD

[Global flags]
     intx CICompilerCount                          = 3                                         {product} {ergonomic}
     uint ConcGCThreads                            = 1                                         {product} {ergonomic}
     uint G1ConcRefinementThreads                  = 4                                         {product} {ergonomic}
   size_t G1HeapRegionSize                         = 4194304                                   {product} {ergonomic}
   size_t InitialHeapSize                          = 331350016                                 {product} {ergonomic}
   size_t MarkStackSize                            = 4194304                                   {product} {ergonomic}
   size_t MarkStackSizeMax                         = 536870912                                 {product} {ergonomic}
   size_t MaxHeapSize                              = 5301600256                                {product} {ergonomic}
   size_t MaxNewSize                               = 3179282432                                {product} {ergonomic}
   size_t MinHeapDeltaBytes                        = 4194304                                   {product} {ergonomic}
   size_t MinHeapSize                              = 8388608                                   {product} {ergonomic}
    uintx NonNMethodCodeHeapSize                   = 5832704                                {pd product} {ergonomic}
    uintx NonProfiledCodeHeapSize                  = 122945536                              {pd product} {ergonomic}
    uintx ProfiledCodeHeapSize                     = 122880000                              {pd product} {ergonomic}
    uintx ReservedCodeCacheSize                    = 251658240                              {pd product} {ergonomic}
     bool SegmentedCodeCache                       = true                                      {product} {ergonomic}
   size_t SoftMaxHeapSize                          = 5301600256                             {manageable} {ergonomic}
     bool UseCompressedOops                        = true                           {product lp64_product} {ergonomic}
     bool UseG1GC                                  = true                                      {product} {ergonomic}
     bool UseLargePagesIndividualAllocation        = false                                  {pd product} {ergonomic}

Logging:
Log output configuration:
 #0: stdout all=warning uptime,level,tags foldmultilines=false
 #1: stderr all=off uptime,level,tags foldmultilines=false

Environment Variables:
JAVA_HOME=C:\Program Files\Apache NetBeans\jdk
PATH=C:\Program Files\Common Files\Oracle\Java\javapath;C:\Program Files (x86)\NVIDIA Corporation\PhysX\Common;C:\WINDOWS\system32;C:\WINDOWS;C:\WINDOWS\System32\Wbem;C:\WINDOWS\System32\WindowsPowerShell\v1.0\;C:\WINDOWS\System32\OpenSSH\;C:\Program Files\dotnet\;C:\Program Files\Microsoft SQL Server\Client SDK\ODBC\170\Tools\Binn\;C:\Program Files (x86)\Microsoft SQL Server\150\Tools\Binn\;C:\Program Files\Microsoft SQL Server\150\Tools\Binn\;C:\Program Files\Microsoft SQL Server\150\DTS\Binn\;C:\Program Files (x86)\Windows Kits\8.1\Windows Performance Toolkit\;C:\Program Files\Git\cmd;C:\Program Files\Java\jdk-21\bin;;C:\Program Files\Docker\Docker\resources\bin;C:\msys64\home\Dell\.splashkit;C:\msys64\home\Dell\.splashkit\lib\win64;C:\msys64\home\Dell\.splashkit\lib;C:\Windows\System32;C:\Windows;C:\Windows\System32\Wbem;C:\Windows\System32\WindowsPowerShell\v1.0\;C:\Users\Dell\AppData\Local\Programs\Microsoft VS Code\bin;C:\Users\Dell\AppData\Local\Microsoft\WindowsApps;C:\Users\Dell\AppData\Local\GitHubDesktop\bin;C:\Program Files\JetBrains\IntelliJ IDEA 2025.2.4\bin
USERNAME=Dell
OS=Windows_NT
PROCESSOR_IDENTIFIER=Intel64 Family 6 Model 140 Stepping 1, GenuineIntel
TMP=C:\Users\Dell\AppData\Local\Temp
TEMP=C:\Users\Dell\AppData\Local\Temp




Periodic native trim disabled

---------------  S Y S T E M  ---------------

OS:
 Windows 11 , 64 bit Build 26100 (10.0.26100.7309)
OS uptime: 3 days 10:31 hours
Hyper-V role detected

CPU: total 4 (initial active 4) (2 cores per cpu, 2 threads per core) family 6 model 140 stepping 1 microcode 0xbc, cx8, cmov, fxsr, ht, mmx, 3dnowpref, sse, sse2, sse3, ssse3, sse4.1, sse4.2, popcnt, lzcnt, tsc, tscinvbit, avx, avx2, aes, erms, clmul, bmi1, bmi2, adx, avx512f, avx512dq, avx512cd, avx512bw, avx512vl, sha, fma, vzeroupper, avx512_vpopcntdq, avx512_vpclmulqdq, avx512_vaes, avx512_vnni, clflush, clflushopt, clwb, avx512_vbmi2, avx512_vbmi, hv, rdtscp, rdpid, fsrm, gfni, avx512_bitalg, f16c, cet_ibt, cet_ss, avx512_ifma
Processor Information for processor 0
  Max Mhz: 2995, Current Mhz: 2995, Mhz Limit: 2995
Processor Information for processor 1
  Max Mhz: 2995, Current Mhz: 2995, Mhz Limit: 2995
Processor Information for processor 2
  Max Mhz: 2995, Current Mhz: 2995, Mhz Limit: 2995
Processor Information for processor 3
  Max Mhz: 2995, Current Mhz: 1198, Mhz Limit: 2995

Memory: 4k page, system-wide physical 20214M (1695M free)
TotalPageFile size 28819M (AvailPageFile size 9M)
current process WorkingSet (physical memory assigned to process): 121M, peak: 121M
current process commit charge ("private bytes"): 444M, peak: 448M

vm_info: OpenJDK 64-Bit Server VM (24.0.2+12) for windows-amd64 JRE (24.0.2+12) (Zulu24.32+13-CA), built on 2025-07-11T12:45:44Z with MS VC++ 17.1 (VS2022)

END.
